\BOOKMARK [0][-]{chapter.1}{\376\377\000I\000n\000t\000r\000o\000d\000u\000c\000c\000i\000\363\000n}{}% 1
\BOOKMARK [1][-]{section.1.1}{\376\377\000O\000b\000j\000e\000t\000i\000v\000o\000s\000\040\000y\000\040\000a\000l\000c\000a\000n\000c\000e\000\040\000d\000e\000\040\000l\000a\000\040\000t\000e\000s\000i\000s}{chapter.1}% 2
\BOOKMARK [1][-]{section.1.2}{\376\377\000M\000e\000t\000o\000d\000o\000l\000o\000g\000\355\000a}{chapter.1}% 3
\BOOKMARK [1][-]{section.1.3}{\376\377\000T\000r\000a\000b\000a\000j\000o\000s\000\040\000r\000e\000l\000a\000c\000i\000o\000n\000a\000d\000o\000s}{chapter.1}% 4
\BOOKMARK [1][-]{section.1.4}{\376\377\000O\000r\000g\000a\000n\000i\000z\000a\000c\000i\000\363\000n\000\040\000d\000e\000l\000\040\000r\000e\000s\000t\000o\000\040\000d\000e\000l\000\040\000t\000r\000a\000b\000a\000j\000o}{chapter.1}% 5
\BOOKMARK [0][-]{chapter.2}{\376\377\000M\000a\000r\000c\000o\000\040\000t\000e\000\363\000r\000i\000c\000o}{}% 6
\BOOKMARK [1][-]{section.2.1}{\376\377\000T\000C\000P}{chapter.2}% 7
\BOOKMARK [1][-]{section.2.2}{\376\377\000S\000e\000g\000u\000r\000i\000d\000a\000d\000\040\000d\000e\000\040\000l\000a\000s\000\040\000c\000o\000m\000u\000n\000i\000c\000a\000c\000i\000o\000n\000e\000s}{chapter.2}% 8
\BOOKMARK [2][-]{subsection.2.2.1}{\376\377\000C\000i\000f\000r\000a\000d\000o\000\040\000a\000s\000i\000m\000\351\000t\000r\000i\000c\000o}{section.2.2}% 9
\BOOKMARK [2][-]{subsection.2.2.2}{\376\377\000C\000e\000r\000t\000i\000f\000i\000c\000a\000d\000o\000s\000\040\000d\000e\000\040\000c\000l\000a\000v\000e\000s\000\040\000p\000\372\000b\000l\000i\000c\000a\000s\000\040\000y\000\040\000v\000e\000r\000i\000f\000i\000c\000a\000c\000i\000\363\000n\000\040\000d\000e\000\040\000v\000a\000l\000i\000d\000e\000z\000\040\000d\000e\000\040\000c\000e\000r\000t\000i\000f\000i\000c\000a\000d\000o\000s}{section.2.2}% 10
\BOOKMARK [2][-]{subsection.2.2.3}{\376\377\000T\000r\000a\000n\000s\000p\000o\000r\000t\000\040\000L\000a\000y\000e\000r\000\040\000S\000e\000c\000u\000r\000i\000t\000y\000\040\000\050\000T\000L\000S\000\051}{section.2.2}% 11
\BOOKMARK [1][-]{section.2.3}{\376\377\000A\000r\000q\000u\000i\000t\000e\000c\000t\000u\000r\000a\000\040\000l\000i\000m\000p\000i\000a}{chapter.2}% 12
\BOOKMARK [1][-]{section.2.4}{\376\377\000A\000r\000q\000u\000i\000t\000e\000c\000t\000u\000r\000a\000\040\000C\000l\000o\000u\000d\000-\000F\000o\000g\000-\000E\000d\000g\000e\000\040\000C\000o\000m\000p\000u\000t\000i\000n\000g}{chapter.2}% 13
\BOOKMARK [0][-]{chapter.3}{\376\377\000A\000r\000q\000u\000i\000t\000e\000c\000t\000u\000r\000a\000\040\000g\000e\000n\000e\000r\000a\000l\000\040\000d\000e\000l\000\040\000s\000i\000s\000t\000e\000m\000a\000\040\000A\000L\000E\000R\000T\000A\000R}{}% 14
\BOOKMARK [1][-]{section.3.1}{\376\377\000C\000o\000m\000p\000o\000n\000e\000n\000t\000e\000s\000\040\000d\000e\000l\000\040\000s\000i\000s\000t\000e\000m\000a}{chapter.3}% 15
\BOOKMARK [1][-]{section.3.2}{\376\377\000O\000r\000g\000a\000n\000i\000z\000a\000c\000i\000\363\000n\000\040\000y\000\040\000u\000b\000i\000c\000a\000c\000i\000\363\000n\000\040\000d\000e\000\040\000l\000o\000s\000\040\000d\000a\000t\000o\000s}{chapter.3}% 16
\BOOKMARK [0][-]{chapter.4}{\376\377\000I\000m\000p\000l\000e\000m\000e\000n\000t\000a\000c\000i\000\363\000n\000\040\000d\000e\000l\000\040\000n\000\372\000c\000l\000e\000o\000\040\000d\000e\000\040\000l\000a\000\040\000a\000p\000l\000i\000c\000a\000c\000i\000\363\000n\000\040\000m\000\363\000v\000i\000l}{}% 17
\BOOKMARK [1][-]{section.4.1}{\376\377\000D\000e\000s\000a\000f\000\355\000o\000s\000\040\000d\000e\000\040\000l\000a\000\040\000i\000m\000p\000l\000e\000m\000e\000n\000t\000a\000c\000i\000\363\000n}{chapter.4}% 18
\BOOKMARK [1][-]{section.4.2}{\376\377\000M\000e\000c\000a\000n\000i\000s\000m\000o\000\040\000d\000e\000\040\000a\000u\000t\000e\000n\000t\000i\000c\000a\000c\000i\000\363\000n\000\040\000d\000e\000\040\000d\000i\000s\000p\000o\000s\000i\000t\000i\000v\000o\000s\000\040\000y\000\040\000s\000e\000g\000u\000r\000i\000d\000a\000d\000\040\000d\000e\000\040\000l\000a\000s\000\040\000c\000o\000m\000u\000n\000i\000c\000a\000c\000i\000o\000n\000e\000s}{chapter.4}% 19
\BOOKMARK [1][-]{section.4.3}{\376\377\000P\000r\000o\000t\000o\000c\000o\000l\000o\000\040\000d\000e\000\040\000c\000o\000m\000u\000n\000i\000c\000a\000c\000i\000\363\000n}{chapter.4}% 20
\BOOKMARK [1][-]{section.4.4}{\376\377\000I\000m\000p\000l\000e\000m\000e\000n\000t\000a\000c\000i\000\363\000n\000\040\000d\000e\000\040\000u\000n\000\040\000m\000a\000n\000e\000j\000a\000d\000o\000r\000/\000g\000e\000s\000t\000o\000r\000\040\000d\000e\000\040\000m\000e\000n\000s\000a\000j\000e\000s\000\040\000d\000i\000s\000c\000r\000e\000t\000o\000s}{chapter.4}% 21
\BOOKMARK [1][-]{section.4.5}{\376\377\000M\000e\000c\000a\000n\000i\000s\000m\000o\000\040\000d\000e\000\040\000d\000e\000t\000e\000c\000c\000i\000\363\000n\000\040\000d\000e\000\040\000p\000\351\000r\000d\000i\000d\000a\000\040\000d\000e\000\040\000c\000o\000n\000e\000c\000t\000i\000v\000i\000d\000a\000d}{chapter.4}% 22
\BOOKMARK [1][-]{section.4.6}{\376\377\000S\000e\000r\000i\000a\000l\000i\000z\000a\000c\000i\000\363\000n\000\040\000d\000e\000\040\000l\000a\000s\000\040\000o\000p\000e\000r\000a\000c\000i\000o\000n\000e\000s}{chapter.4}% 23
\BOOKMARK [1][-]{section.4.7}{\376\377\000D\000i\000s\000e\000\361\000o\000\040\000a\000r\000q\000u\000i\000t\000e\000c\000t\000\363\000n\000i\000c\000o\000\040\000y\000\040\000e\000s\000p\000e\000c\000i\000f\000i\000c\000a\000c\000i\000o\000n\000e\000s\000\040\000d\000e\000\040\000l\000a\000\040\000i\000m\000p\000l\000e\000m\000e\000n\000t\000a\000c\000i\000\363\000n}{chapter.4}% 24
\BOOKMARK [2][-]{subsection.4.7.1}{\376\377\000I\000m\000p\000l\000e\000m\000e\000n\000t\000a\000c\000i\000\363\000n\000\040\000d\000e\000\040\000l\000a\000\040\000a\000r\000q\000u\000i\000t\000e\000c\000t\000u\000r\000a\000\040\000l\000i\000m\000p\000i\000a}{section.4.7}% 25
\BOOKMARK [2][-]{subsection.4.7.2}{\376\377\000S\000e\000r\000v\000i\000c\000i\000o\000s\000\040\000d\000e\000\040\000l\000o\000s\000\040\000d\000i\000s\000p\000o\000s\000i\000t\000i\000v\000o\000s\000\040\000d\000e\000\040\000b\000o\000r\000d\000e\000\040\000y\000\040\000n\000i\000e\000b\000l\000a}{section.4.7}% 26
\BOOKMARK [2][-]{subsection.4.7.3}{\376\377\000C\000a\000s\000o\000s\000\040\000d\000e\000\040\000u\000s\000o}{section.4.7}% 27
\BOOKMARK [1][-]{section.4.8}{\376\377\000E\000v\000a\000l\000u\000a\000c\000i\000\363\000n\000\040\000d\000e\000\040\000f\000u\000n\000c\000i\000o\000n\000a\000m\000i\000e\000n\000t\000o}{chapter.4}% 28
\BOOKMARK [2][-]{subsection.4.8.1}{\376\377\000E\000v\000a\000l\000u\000a\000c\000i\000\363\000n\000\040\000d\000e\000\040\000l\000a\000\040\000a\000r\000q\000u\000i\000t\000e\000c\000t\000u\000r\000a}{section.4.8}% 29
\BOOKMARK [2][-]{subsection.4.8.2}{\376\377\000E\000v\000a\000l\000u\000a\000c\000i\000\363\000n\000\040\000d\000e\000l\000\040\000m\000e\000c\000a\000n\000i\000s\000m\000o\000\040\000d\000e\000\040\000d\000e\000t\000e\000c\000c\000i\000\363\000n\000\040\000d\000e\000\040\000p\000\351\000r\000d\000i\000d\000a\000\040\000d\000e\000\040\000c\000o\000n\000e\000c\000t\000i\000v\000i\000d\000a\000d}{section.4.8}% 30
\BOOKMARK [1][-]{section.4.9}{\376\377\000M\000e\000j\000o\000r\000a\000s\000\040\000a\000l\000\040\000d\000i\000s\000e\000\361\000o\000\040\000a\000r\000q\000u\000i\000t\000e\000c\000t\000\363\000n\000i\000c\000o}{chapter.4}% 31
\BOOKMARK [0][-]{chapter.5}{\376\377\000E\000x\000p\000e\000r\000i\000m\000e\000n\000t\000a\000c\000i\000\363\000n}{}% 32
\BOOKMARK [1][-]{section.5.1}{\376\377\000D\000a\000t\000o\000s\000\040\000\372\000t\000i\000l\000e\000s\000\040\000c\000o\000n\000t\000r\000a\000\040\000e\000s\000p\000a\000c\000i\000o\000\040\000d\000e\000\040\000a\000l\000m\000a\000c\000e\000n\000a\000m\000i\000e\000n\000t\000o}{chapter.5}% 33
\BOOKMARK [1][-]{section.5.2}{\376\377\000D\000a\000t\000o\000s\000\040\000\372\000t\000i\000l\000e\000s\000\040\000c\000o\000n\000t\000r\000a\000\040\000d\000a\000t\000o\000s\000\040\000e\000n\000\040\000t\000r\000\341\000n\000s\000i\000t\000o}{chapter.5}% 34
\BOOKMARK [1][-]{section.5.3}{\376\377\000T\000i\000e\000m\000p\000o\000s\000\040\000d\000e\000\040\000l\000a\000s\000\040\000o\000p\000e\000r\000a\000c\000i\000o\000n\000e\000s\000\040\000c\000o\000n\000\040\000d\000i\000f\000e\000r\000e\000n\000t\000e\000s\000\040\000t\000i\000p\000o\000s\000\040\000d\000e\000\040\000c\000o\000n\000e\000x\000i\000\363\000n}{chapter.5}% 35
\BOOKMARK [1][-]{section.5.4}{\376\377\000C\000o\000n\000e\000c\000t\000i\000v\000i\000d\000a\000d\000\040\000e\000n\000t\000r\000e\000\040\000d\000i\000s\000p\000o\000s\000i\000t\000i\000v\000o\000s}{chapter.5}% 36
\BOOKMARK [0][-]{chapter.6}{\376\377\000C\000o\000n\000c\000l\000u\000s\000i\000o\000n\000e\000s\000\040\000y\000\040\000t\000r\000a\000b\000a\000j\000o\000s\000\040\000f\000u\000t\000u\000r\000o\000s}{}% 37
\BOOKMARK [1][-]{section.6.1}{\376\377\000T\000r\000a\000b\000a\000j\000o\000s\000\040\000f\000u\000t\000u\000r\000o\000s}{chapter.6}% 38
\BOOKMARK [0][-]{section.6.1}{\376\377\000R\000e\000f\000e\000r\000e\000n\000c\000i\000a\000s\000\040\000B\000i\000b\000l\000i\000o\000g\000r\000\341\000f\000i\000c\000a\000s}{}% 39
\BOOKMARK [0][-]{appendix.Alph1}{\376\377\000E\000s\000p\000e\000c\000i\000f\000i\000c\000a\000c\000i\000\363\000n\000\040\000d\000e\000\040\000c\000a\000s\000o\000s\000\040\000d\000e\000\040\000u\000s\000o}{}% 40
\BOOKMARK [0][-]{appendix.Alph2}{\376\377\000T\000a\000b\000l\000a\000\040\000d\000e\000\040\000r\000e\000s\000u\000l\000t\000a\000d\000o\000s\000\040\000d\000e\000\040\000l\000o\000s\000\040\000e\000x\000p\000e\000r\000i\000m\000e\000n\000t\000o\000s}{}% 41
