This is pdfTeX, Version 3.141592653-2.6-1.40.27 (MiKTeX 25.4) (preloaded format=pdflatex 2025.9.6)  10 SEP 2025 22:31
entering extended mode
 restricted \write18 enabled.
 file:line:error style messages enabled.
 %&-line parsing enabled.
**c:/Users/manul/OneDrive/Escritorio/Tesis_LCC___Manuel_Latorre_C2/tesis.tex
(c:/Users/manul/OneDrive/Escritorio/Tesis_LCC___Manuel_Latorre_C2/tesis.tex
LaTeX2e <2025-06-01> patch level 1
L3 programming layer <2025-08-13>
(C:\Users\manul\AppData\Local\Programs\MiKTeX\tex/latex/base\book.cls
Document Class: book 2025/01/22 v1.4n Standard LaTeX document class
(C:\Users\manul\AppData\Local\Programs\MiKTeX\tex/latex/base\bk11.clo
File: bk11.clo 2025/01/22 v1.4n Standard LaTeX file (size option)
)
\c@part=\count275
\c@chapter=\count276
\c@section=\count277
\c@subsection=\count278
\c@subsubsection=\count279
\c@paragraph=\count280
\c@subparagraph=\count281
\c@figure=\count282
\c@table=\count283
\abovecaptionskip=\skip49
\belowcaptionskip=\skip50
\bibindent=\dimen148
) (C:\Users\manul\AppData\Local\Programs\MiKTeX\tex/latex/geometry\geometry.sty
Package: geometry 2020/01/02 v5.9 Page Geometry
 (C:\Users\manul\AppData\Local\Programs\MiKTeX\tex/latex/graphics\keyval.sty
Package: keyval 2022/05/29 v1.15 key=value parser (DPC)
\KV@toks@=\toks17
) (C:\Users\manul\AppData\Local\Programs\MiKTeX\tex/generic/iftex\ifvtex.sty
Package: ifvtex 2019/10/25 v1.7 ifvtex legacy package. Use iftex instead.
 (C:\Users\manul\AppData\Local\Programs\MiKTeX\tex/generic/iftex\iftex.sty
Package: iftex 2024/12/12 v1.0g TeX engine tests
))
\Gm@cnth=\count284
\Gm@cntv=\count285
\c@Gm@tempcnt=\count286
\Gm@bindingoffset=\dimen149
\Gm@wd@mp=\dimen150
\Gm@odd@mp=\dimen151
\Gm@even@mp=\dimen152
\Gm@layoutwidth=\dimen153
\Gm@layoutheight=\dimen154
\Gm@layouthoffset=\dimen155
\Gm@layoutvoffset=\dimen156
\Gm@dimlist=\toks18
 (C:\Users\manul\AppData\Local\Programs\MiKTeX\tex/latex/geometry\geometry.cfg)) (C:\Users\manul\AppData\Local\Programs\MiKTeX\tex/latex/base\fontenc.sty
Package: fontenc 2024/12/21 v2.1c Standard LaTeX package
) (C:\Users\manul\AppData\Local\Programs\MiKTeX\tex/latex/base\inputenc.sty
Package: inputenc 2024/02/08 v1.3d Input encoding file
\inpenc@prehook=\toks19
\inpenc@posthook=\toks20
) (C:\Users\manul\AppData\Local\Programs\MiKTeX\tex/generic/babel\babel.sty
Package: babel 2025/08/03 v25.12 The multilingual framework for LuaLaTeX, pdfLaTeX and XeLaTeX
\babel@savecnt=\count287
LaTeX Encoding Info:    Redeclaring text command \ij (encoding OT1) on input line 2045.
LaTeX Encoding Info:    Redeclaring text command \IJ (encoding OT1) on input line 2047.
LaTeX Encoding Info:    Redeclaring text command \ij (encoding T1) on input line 2049.
LaTeX Encoding Info:    Redeclaring text command \IJ (encoding T1) on input line 2050.
LaTeX Encoding Info:    Ignoring declaration for text command \ij (encoding ?) on input line 2051.
LaTeX Encoding Info:    Ignoring declaration for text command \IJ (encoding ?) on input line 2053.
LaTeX Encoding Info:    Ignoring declaration for text command \SS (encoding ?) on input line 2078.
\U@D=\dimen157
\l@unhyphenated=\language79
 (C:\Users\manul\AppData\Local\Programs\MiKTeX\tex/generic/babel\txtbabel.def)
\bbl@readstream=\read2
\bbl@dirlevel=\count288

*************************************
* Local config file bblopts.cfg used
*
(C:\Users\manul\AppData\Local\Programs\MiKTeX\tex/latex/arabi\bblopts.cfg
File: bblopts.cfg 2005/09/08 v0.1 add Arabic and Farsi to "declared" options of babel
) (C:\Users\manul\AppData\Local\Programs\MiKTeX\tex/latex/babel-spanish\spanish.ldf
Language: spanish.ldf 2021/05/27 v5.0q Spanish support from the babel system
 (C:\Users\manul\AppData\Local\Programs\MiKTeX\tex/generic/babel/locale/es\babel-spanish.tex
Package babel Info: Importing font and identification data for spanish
(babel)             from babel-es.ini. Reported on input line 12.
)
\es@quottoks=\toks21
\es@quotdepth=\count289
Package babel Info: Making " an active character on input line 570.
Package babel Info: Making . an active character on input line 675.
Package babel Info: Making < an active character on input line 722.
Package babel Info: Making > an active character on input line 722.
))
LaTeX Encoding Info:    Redeclaring text command \guillemotleft (encoding OT1) on input line 15.
LaTeX Encoding Info:    Redeclaring text command \guillemotright (encoding OT1) on input line 15.
 (C:\Users\manul\AppData\Local\Programs\MiKTeX\tex/latex/psnfss\times.sty
Package: times 2020/03/25 PSNFSS-v9.3 (SPQR) 
) (C:\Users\manul\AppData\Local\Programs\MiKTeX\tex/latex/datetime2\datetime2.sty
Package: datetime2 2021/03/21 v1.5.7 (NLCT) date and time formats
 (C:\Users\manul\AppData\Local\Programs\MiKTeX\tex/latex/tracklang\tracklang.sty
Package: tracklang 2025/03/11 v1.6.6 (NLCT) Track Languages
 (C:\Users\manul\AppData\Local\Programs\MiKTeX\tex/generic/tracklang\tracklang.tex)
Package tracklang Info: Tracking dialect `spanish' (language `spanish') on input line 53.
) (C:\Users\manul\AppData\Local\Programs\MiKTeX\tex/latex/etoolbox\etoolbox.sty
Package: etoolbox 2025/02/11 v2.5l e-TeX tools for LaTeX (JAW)
\etb@tempcnta=\count290
) (C:\Users\manul\AppData\Local\Programs\MiKTeX\tex/latex/xkeyval\xkeyval.sty
Package: xkeyval 2022/06/16 v2.9 package option processing (HA)
 (C:\Users\manul\AppData\Local\Programs\MiKTeX\tex/generic/xkeyval\xkeyval.tex (C:\Users\manul\AppData\Local\Programs\MiKTeX\tex/generic/xkeyval\xkvutils.tex
\XKV@toks=\toks22
\XKV@tempa@toks=\toks23
)
\XKV@depth=\count291
File: xkeyval.tex 2014/12/03 v2.7a key=value parser (HA)
))
Package tracklang Info: Tracking dialect `argentinespanish' (language `spanish') on input line 217.
 (C:\Users\manul\AppData\Local\Programs\MiKTeX\tex/latex/datetime2-spanish\datetime2-spanish.ldf
File: datetime2-spanish.ldf 2017/11/13 v1.1
 (C:\Users\manul\AppData\Local\Programs\MiKTeX\tex/generic/iftex\ifxetex.sty
Package: ifxetex 2019/10/25 v0.7 ifxetex legacy package. Use iftex instead.
) (C:\Users\manul\AppData\Local\Programs\MiKTeX\tex/generic/iftex\ifluatex.sty
Package: ifluatex 2019/10/25 v1.5 ifluatex legacy package. Use iftex instead.
) (C:\Users\manul\AppData\Local\Programs\MiKTeX\tex/latex/datetime2-spanish\datetime2-spanish-ascii.ldf
File: datetime2-spanish-ascii.ldf 2017/11/13 v1.1
))) (C:\Users\manul\AppData\Local\Programs\MiKTeX\tex/latex/graphics\graphicx.sty
Package: graphicx 2024/12/31 v1.2e Enhanced LaTeX Graphics (DPC,SPQR)
 (C:\Users\manul\AppData\Local\Programs\MiKTeX\tex/latex/graphics\graphics.sty
Package: graphics 2024/08/06 v1.4g Standard LaTeX Graphics (DPC,SPQR)
 (C:\Users\manul\AppData\Local\Programs\MiKTeX\tex/latex/graphics\trig.sty
Package: trig 2023/12/02 v1.11 sin cos tan (DPC)
) (C:\Users\manul\AppData\Local\Programs\MiKTeX\tex/latex/graphics-cfg\graphics.cfg
File: graphics.cfg 2016/06/04 v1.11 sample graphics configuration
)
Package graphics Info: Driver file: pdftex.def on input line 106.
 (C:\Users\manul\AppData\Local\Programs\MiKTeX\tex/latex/graphics-def\pdftex.def
File: pdftex.def 2024/04/13 v1.2c Graphics/color driver for pdftex
))
\Gin@req@height=\dimen158
\Gin@req@width=\dimen159
) (C:\Users\manul\AppData\Local\Programs\MiKTeX\tex/latex/grffile\grffile.sty
Package: grffile 2019/11/11 v2.1 Extended file name support for graphics (legacy)
Package grffile Info: This package is an empty stub for compatibility on input line 40.
) (C:\Users\manul\AppData\Local\Programs\MiKTeX\tex/latex/tools\longtable.sty
Package: longtable 2024-12-18 v4.23 Multi-page Table package (DPC)
\LTleft=\skip51
\LTright=\skip52
\LTpre=\skip53
\LTpost=\skip54
\LTchunksize=\count292
\LTcapwidth=\dimen160
\LT@head=\box53
\LT@firsthead=\box54
\LT@foot=\box55
\LT@lastfoot=\box56
\LT@gbox=\box57
\LT@cols=\count293
\LT@rows=\count294
\c@LT@tables=\count295
\c@LT@chunks=\count296
\LT@p@ftn=\toks24
) (C:\Users\manul\AppData\Local\Programs\MiKTeX\tex/latex/wrapfig\wrapfig.sty
\wrapoverhang=\dimen161
\WF@size=\dimen162
\c@WF@wrappedlines=\count297
\WF@box=\box58
\WF@everypar=\toks25
Package: wrapfig 2003/01/31  v 3.6
) (C:\Users\manul\AppData\Local\Programs\MiKTeX\tex/latex/ulem\ulem.sty
\UL@box=\box59
\UL@hyphenbox=\box60
\UL@skip=\skip55
\UL@hook=\toks26
\UL@height=\dimen163
\UL@pe=\count298
\UL@pixel=\dimen164
\ULC@box=\box61
Package: ulem 2019/11/18
\ULdepth=\dimen165
) (C:\Users\manul\AppData\Local\Programs\MiKTeX\tex/latex/amsmath\amsmath.sty
Package: amsmath 2025/06/16 v2.17y AMS math features
\@mathmargin=\skip56

For additional information on amsmath, use the `?' option.
(C:\Users\manul\AppData\Local\Programs\MiKTeX\tex/latex/amsmath\amstext.sty
Package: amstext 2024/11/17 v2.01 AMS text
 (C:\Users\manul\AppData\Local\Programs\MiKTeX\tex/latex/amsmath\amsgen.sty
File: amsgen.sty 1999/11/30 v2.0 generic functions
\@emptytoks=\toks27
\ex@=\dimen166
)) (C:\Users\manul\AppData\Local\Programs\MiKTeX\tex/latex/amsmath\amsbsy.sty
Package: amsbsy 1999/11/29 v1.2d Bold Symbols
\pmbraise@=\dimen167
) (C:\Users\manul\AppData\Local\Programs\MiKTeX\tex/latex/amsmath\amsopn.sty
Package: amsopn 2022/04/08 v2.04 operator names
)
\inf@bad=\count299
LaTeX Info: Redefining \frac on input line 233.
\uproot@=\count300
\leftroot@=\count301
LaTeX Info: Redefining \overline on input line 398.
LaTeX Info: Redefining \colon on input line 409.
\classnum@=\count302
\DOTSCASE@=\count303
LaTeX Info: Redefining \ldots on input line 495.
LaTeX Info: Redefining \dots on input line 498.
LaTeX Info: Redefining \cdots on input line 619.
\Mathstrutbox@=\box62
\strutbox@=\box63
LaTeX Info: Redefining \big on input line 721.
LaTeX Info: Redefining \Big on input line 722.
LaTeX Info: Redefining \bigg on input line 723.
LaTeX Info: Redefining \Bigg on input line 724.
\big@size=\dimen168
LaTeX Font Info:    Redeclaring font encoding OML on input line 742.
LaTeX Font Info:    Redeclaring font encoding OMS on input line 743.
\macc@depth=\count304
LaTeX Info: Redefining \bmod on input line 904.
LaTeX Info: Redefining \pmod on input line 909.
LaTeX Info: Redefining \smash on input line 939.
LaTeX Info: Redefining \relbar on input line 969.
LaTeX Info: Redefining \Relbar on input line 970.
\c@MaxMatrixCols=\count305
\dotsspace@=\muskip17
\c@parentequation=\count306
\dspbrk@lvl=\count307
\tag@help=\toks28
\row@=\count308
\column@=\count309
\maxfields@=\count310
\andhelp@=\toks29
\eqnshift@=\dimen169
\alignsep@=\dimen170
\tagshift@=\dimen171
\tagwidth@=\dimen172
\totwidth@=\dimen173
\lineht@=\dimen174
\@envbody=\toks30
\multlinegap=\skip57
\multlinetaggap=\skip58
\mathdisplay@stack=\toks31
LaTeX Info: Redefining \[ on input line 2949.
LaTeX Info: Redefining \] on input line 2950.
) (C:\Users\manul\AppData\Local\Programs\MiKTeX\tex/latex/base\textcomp.sty
Package: textcomp 2024/04/24 v2.1b Standard LaTeX package
) (C:\Users\manul\AppData\Local\Programs\MiKTeX\tex/latex/amsfonts\amssymb.sty
Package: amssymb 2013/01/14 v3.01 AMS font symbols
 (C:\Users\manul\AppData\Local\Programs\MiKTeX\tex/latex/amsfonts\amsfonts.sty
Package: amsfonts 2013/01/14 v3.01 Basic AMSFonts support
\symAMSa=\mathgroup4
\symAMSb=\mathgroup5
LaTeX Font Info:    Redeclaring math symbol \hbar on input line 98.
LaTeX Font Info:    Overwriting math alphabet `\mathfrak' in version `bold'
(Font)                  U/euf/m/n --> U/euf/b/n on input line 106.
)) (C:\Users\manul\AppData\Local\Programs\MiKTeX\tex/latex/capt-of\capt-of.sty
Package: capt-of 2009/12/29 v0.2 standard captions outside of floats
) (C:\Users\manul\AppData\Local\Programs\MiKTeX\tex/latex/hyperref\hyperref.sty
Package: hyperref 2025-07-12 v7.01o Hypertext links for LaTeX
 (C:\Users\manul\AppData\Local\Programs\MiKTeX\tex/latex/kvsetkeys\kvsetkeys.sty
Package: kvsetkeys 2022-10-05 v1.19 Key value parser (HO)
) (C:\Users\manul\AppData\Local\Programs\MiKTeX\tex/generic/kvdefinekeys\kvdefinekeys.sty
Package: kvdefinekeys 2019-12-19 v1.6 Define keys (HO)
) (C:\Users\manul\AppData\Local\Programs\MiKTeX\tex/generic/pdfescape\pdfescape.sty
Package: pdfescape 2019/12/09 v1.15 Implements pdfTeX's escape features (HO)
 (C:\Users\manul\AppData\Local\Programs\MiKTeX\tex/generic/ltxcmds\ltxcmds.sty
Package: ltxcmds 2023-12-04 v1.26 LaTeX kernel commands for general use (HO)
) (C:\Users\manul\AppData\Local\Programs\MiKTeX\tex/generic/pdftexcmds\pdftexcmds.sty
Package: pdftexcmds 2020-06-27 v0.33 Utility functions of pdfTeX for LuaTeX (HO)
 (C:\Users\manul\AppData\Local\Programs\MiKTeX\tex/generic/infwarerr\infwarerr.sty
Package: infwarerr 2019/12/03 v1.5 Providing info/warning/error messages (HO)
)
Package pdftexcmds Info: \pdf@primitive is available.
Package pdftexcmds Info: \pdf@ifprimitive is available.
Package pdftexcmds Info: \pdfdraftmode found.
)) (C:\Users\manul\AppData\Local\Programs\MiKTeX\tex/latex/hycolor\hycolor.sty
Package: hycolor 2020-01-27 v1.10 Color options for hyperref/bookmark (HO)
) (C:\Users\manul\AppData\Local\Programs\MiKTeX\tex/latex/hyperref\nameref.sty
Package: nameref 2025-06-21 v2.57 Cross-referencing by name of section
 (C:\Users\manul\AppData\Local\Programs\MiKTeX\tex/latex/refcount\refcount.sty
Package: refcount 2019/12/15 v3.6 Data extraction from label references (HO)
) (C:\Users\manul\AppData\Local\Programs\MiKTeX\tex/generic/gettitlestring\gettitlestring.sty
Package: gettitlestring 2019/12/15 v1.6 Cleanup title references (HO)
 (C:\Users\manul\AppData\Local\Programs\MiKTeX\tex/latex/kvoptions\kvoptions.sty
Package: kvoptions 2022-06-15 v3.15 Key value format for package options (HO)
))
\c@section@level=\count311
) (C:\Users\manul\AppData\Local\Programs\MiKTeX\tex/generic/stringenc\stringenc.sty
Package: stringenc 2019/11/29 v1.12 Convert strings between diff. encodings (HO)
)
\@linkdim=\dimen175
\Hy@linkcounter=\count312
\Hy@pagecounter=\count313
 (C:\Users\manul\AppData\Local\Programs\MiKTeX\tex/latex/hyperref\pd1enc.def
File: pd1enc.def 2025-07-12 v7.01o Hyperref: PDFDocEncoding definition (HO)
Now handling font encoding PD1 ...
... no UTF-8 mapping file for font encoding PD1
) (C:\Users\manul\AppData\Local\Programs\MiKTeX\tex/generic/intcalc\intcalc.sty
Package: intcalc 2019/12/15 v1.3 Expandable calculations with integers (HO)
)
\Hy@SavedSpaceFactor=\count314
 (C:\Users\manul\AppData\Local\Programs\MiKTeX\tex/latex/hyperref\puenc.def
File: puenc.def 2025-07-12 v7.01o Hyperref: PDF Unicode definition (HO)
Now handling font encoding PU ...
... no UTF-8 mapping file for font encoding PU
)
Package hyperref Info: Hyper figures OFF on input line 4195.
Package hyperref Info: Link nesting OFF on input line 4200.
Package hyperref Info: Hyper index ON on input line 4203.
Package hyperref Info: Plain pages OFF on input line 4210.
Package hyperref Info: Backreferencing OFF on input line 4215.
Package hyperref Info: Implicit mode ON; LaTeX internals redefined.
Package hyperref Info: Bookmarks ON on input line 4462.
\c@Hy@tempcnt=\count315
 (C:\Users\manul\AppData\Local\Programs\MiKTeX\tex/latex/url\url.sty
\Urlmuskip=\muskip18
Package: url 2013/09/16  ver 3.4  Verb mode for urls, etc.
)
LaTeX Info: Redefining \url on input line 4801.
\XeTeXLinkMargin=\dimen176
 (C:\Users\manul\AppData\Local\Programs\MiKTeX\tex/generic/bitset\bitset.sty
Package: bitset 2019/12/09 v1.3 Handle bit-vector datatype (HO)
 (C:\Users\manul\AppData\Local\Programs\MiKTeX\tex/generic/bigintcalc\bigintcalc.sty
Package: bigintcalc 2019/12/15 v1.5 Expandable calculations on big integers (HO)
))
\Fld@menulength=\count316
\Field@Width=\dimen177
\Fld@charsize=\dimen178
Package hyperref Info: Hyper figures OFF on input line 6078.
Package hyperref Info: Link nesting OFF on input line 6083.
Package hyperref Info: Hyper index ON on input line 6086.
Package hyperref Info: backreferencing OFF on input line 6093.
Package hyperref Info: Link coloring OFF on input line 6098.
Package hyperref Info: Link coloring with OCG OFF on input line 6103.
Package hyperref Info: PDF/A mode OFF on input line 6108.
\Hy@abspage=\count317
\c@Item=\count318
\c@Hfootnote=\count319
)
Package hyperref Info: Driver (autodetected): hpdftex.
 (C:\Users\manul\AppData\Local\Programs\MiKTeX\tex/latex/hyperref\hpdftex.def
File: hpdftex.def 2025-07-12 v7.01o Hyperref driver for pdfTeX
\Fld@listcount=\count320
\c@bookmark@seq@number=\count321
 (C:\Users\manul\AppData\Local\Programs\MiKTeX\tex/latex/rerunfilecheck\rerunfilecheck.sty
Package: rerunfilecheck 2025-06-21 v1.11 Rerun checks for auxiliary files (HO)
 (C:\Users\manul\AppData\Local\Programs\MiKTeX\tex/generic/uniquecounter\uniquecounter.sty
Package: uniquecounter 2019/12/15 v1.4 Provide unlimited unique counter (HO)
)
Package uniquecounter Info: New unique counter `rerunfilecheck' on input line 284.
)
\Hy@SectionHShift=\skip59
) (C:\Users\manul\AppData\Local\Programs\MiKTeX\tex/latex/diagbox\diagbox.sty
Package: diagbox 2020/02/09 v2.3 Making table heads with diagonal lines
 (C:\Users\manul\AppData\Local\Programs\MiKTeX\tex/latex/pict2e\pict2e.sty
Package: pict2e 2020/09/30 v0.4b Improved picture commands (HjG,RN,JT)
 (C:\Users\manul\AppData\Local\Programs\MiKTeX\tex/latex/pict2e\pict2e.cfg
File: pict2e.cfg 2016/02/05 v0.1u pict2e configuration for teTeX/TeXLive
)
Package pict2e Info: Driver file: pdftex.def on input line 112.
Package pict2e Info: Driver file for pict2e: p2e-pdftex.def on input line 114.
 (C:\Users\manul\AppData\Local\Programs\MiKTeX\tex/latex/pict2e\p2e-pdftex.def
File: p2e-pdftex.def 2016/02/05 v0.1u Driver-dependant file (RN,HjG,JT)
)
\pIIe@GRAPH=\toks32
\@arclen=\dimen179
\@arcrad=\dimen180
\pIIe@tempdima=\dimen181
\pIIe@tempdimb=\dimen182
\pIIe@tempdimc=\dimen183
\pIIe@tempdimd=\dimen184
\pIIe@tempdime=\dimen185
\pIIe@tempdimf=\dimen186
) (C:\Users\manul\AppData\Local\Programs\MiKTeX\tex/latex/tools\calc.sty
Package: calc 2025/03/01 v4.3b Infix arithmetic (KKT,FJ)
\calc@Acount=\count322
\calc@Bcount=\count323
\calc@Adimen=\dimen187
\calc@Bdimen=\dimen188
\calc@Askip=\skip60
\calc@Bskip=\skip61
LaTeX Info: Redefining \setlength on input line 86.
LaTeX Info: Redefining \addtolength on input line 87.
\calc@Ccount=\count324
\calc@Cskip=\skip62
) (C:\Users\manul\AppData\Local\Programs\MiKTeX\tex/latex/tools\array.sty
Package: array 2025/06/08 v2.6j Tabular extension package (FMi)
\col@sep=\dimen189
\ar@mcellbox=\box64
\extrarowheight=\dimen190
\NC@list=\toks33
\extratabsurround=\skip63
\backup@length=\skip64
\ar@cellbox=\box65
)
\diagbox@boxa=\box66
\diagbox@boxb=\box67
\diagbox@boxm=\box68
\diagbox@wd=\dimen191
\diagbox@ht=\dimen192
\diagbox@insepl=\dimen193
\diagbox@insepr=\dimen194
\diagbox@outsepl=\dimen195
\diagbox@outsepr=\dimen196
) (C:\Users\manul\AppData\Local\Programs\MiKTeX\tex/latex/fontawesome\fontawesome.sty
Package: fontawesome 2016/05/15 v4.6.3.1 font awesome icons
 (C:\Users\manul\AppData\Local\Programs\MiKTeX\tex/latex/fontawesome\fontawesomesymbols-generic.tex) (C:\Users\manul\AppData\Local\Programs\MiKTeX\tex/latex/fontawesome\fontawesomesymbols-pdftex.tex)) (C:\Users\manul\AppData\Local\Programs\MiKTeX\tex/latex/tools\enumerate.sty
Package: enumerate 2023/07/04 v3.00 enumerate extensions (DPC)
\@enLab=\toks34
) (C:\Users\manul\AppData\Local\Programs\MiKTeX\tex/latex/colortbl\colortbl.sty
Package: colortbl 2024/10/29 v1.0k Color table columns (DPC)
 (C:\Users\manul\AppData\Local\Programs\MiKTeX\tex/latex/graphics\color.sty
Package: color 2025/01/14 v1.3e Standard LaTeX Color (DPC)
 (C:\Users\manul\AppData\Local\Programs\MiKTeX\tex/latex/graphics-cfg\color.cfg
File: color.cfg 2016/01/02 v1.6 sample color configuration
)
Package color Info: Driver file: pdftex.def on input line 149.
 (C:\Users\manul\AppData\Local\Programs\MiKTeX\tex/latex/graphics\mathcolor.ltx))
\everycr=\toks35
\minrowclearance=\skip65
\rownum=\count325
) (C:\Users\manul\AppData\Local\Programs\MiKTeX\tex/latex/csquotes\csquotes.sty
Package: csquotes 2024-04-04 v5.2o context-sensitive quotations (JAW)
\csq@reset=\count326
\csq@gtype=\count327
\csq@glevel=\count328
\csq@qlevel=\count329
\csq@maxlvl=\count330
\csq@tshold=\count331
\csq@ltx@everypar=\toks36
 (C:\Users\manul\AppData\Local\Programs\MiKTeX\tex/latex/csquotes\csquotes.def
File: csquotes.def 2024-04-04 v5.2o csquotes generic definitions (JAW)
)
Package csquotes Info: Trying to load configuration file 'csquotes.cfg'...
Package csquotes Info: ... configuration file loaded successfully.
 (C:\Users\manul\AppData\Local\Programs\MiKTeX\tex/latex/csquotes\csquotes.cfg
File: csquotes.cfg 
)) (C:\Users\manul\AppData\Local\Programs\MiKTeX\tex/generic/soul\soulutf8.sty
Package: soulutf8 2023-06-14 v3.1 Permit use of UTF-8 characters in soul (HO)


Package soulutf8 Warning: This package is obsolete,
(soulutf8)                use the soul package directly. 
(soulutf8)                 on input line 29.

) (C:\Users\manul\AppData\Local\Programs\MiKTeX\tex/generic/soul\soul.sty
Package: soul 2023-06-14 v3.1 Permit use of UTF-8 characters in soul (HO)
 (C:\Users\manul\AppData\Local\Programs\MiKTeX\tex/generic/soul\soul-ori.sty
Package: soul-ori 2023-06-14 v3.1 letterspacing/underlining (mf)
\SOUL@word=\toks37
\SOUL@lasttoken=\toks38
\SOUL@syllable=\toks39
\SOUL@cmds=\toks40
\SOUL@buffer=\toks41
\SOUL@token=\toks42
\SOUL@syllgoal=\dimen197
\SOUL@syllwidth=\dimen198
\SOUL@charkern=\dimen199
\SOUL@hyphkern=\dimen256
\SOUL@dimen=\dimen257
\SOUL@dimeni=\dimen258
\SOUL@minus=\count332
\SOUL@comma=\count333
\SOUL@apo=\count334
\SOUL@grave=\count335
\SOUL@spaceskip=\skip66
\SOUL@ttwidth=\dimen259
\SOUL@uldp=\dimen260
\SOUL@ulht=\dimen261
) (C:\Users\manul\AppData\Local\Programs\MiKTeX\tex/generic/etexcmds\etexcmds.sty
Package: etexcmds 2019/12/15 v1.7 Avoid name clashes with e-TeX commands (HO)
)) (C:\Users\manul\AppData\Local\Programs\MiKTeX\tex/latex/xcolor\xcolor.sty
Package: xcolor 2024/09/29 v3.02 LaTeX color extensions (UK)
 (C:\Users\manul\AppData\Local\Programs\MiKTeX\tex/latex/graphics-cfg\color.cfg
File: color.cfg 2016/01/02 v1.6 sample color configuration
)
Package xcolor Info: Driver file: pdftex.def on input line 274.
LaTeX Info: Redefining \color on input line 762.
 (C:\Users\manul\AppData\Local\Programs\MiKTeX\tex/latex/graphics\mathcolor.ltx)
Package xcolor Info: Model `cmy' substituted by `cmy0' on input line 1349.
Package xcolor Info: Model `hsb' substituted by `rgb' on input line 1353.
Package xcolor Info: Model `RGB' extended on input line 1365.
Package xcolor Info: Model `HTML' substituted by `rgb' on input line 1367.
Package xcolor Info: Model `Hsb' substituted by `hsb' on input line 1368.
Package xcolor Info: Model `tHsb' substituted by `hsb' on input line 1369.
Package xcolor Info: Model `HSB' substituted by `hsb' on input line 1370.
Package xcolor Info: Model `Gray' substituted by `gray' on input line 1371.
Package xcolor Info: Model `wave' substituted by `hsb' on input line 1372.
) (C:\Users\manul\AppData\Local\Programs\MiKTeX\tex/latex/xcolor\x11nam.def
File: x11nam.def 2024/09/29 v3.02 Predefined colors according to Unix/X11 (UK)
) (C:\Users\manul\AppData\Local\Programs\MiKTeX\tex/latex/biblatex\biblatex.sty
Package: biblatex 2025/07/10 v3.21 programmable bibliographies (PK/MW)
 (C:\Users\manul\AppData\Local\Programs\MiKTeX\tex/latex/logreq\logreq.sty
Package: logreq 2010/08/04 v1.0 xml request logger
\lrq@indent=\count336
 (C:\Users\manul\AppData\Local\Programs\MiKTeX\tex/latex/logreq\logreq.def
File: logreq.def 2010/08/04 v1.0 logreq spec v1.0
)) (C:\Users\manul\AppData\Local\Programs\MiKTeX\tex/latex/base\ifthen.sty
Package: ifthen 2024/03/16 v1.1e Standard LaTeX ifthen package (DPC)
)
\c@tabx@nest=\count337
\c@listtotal=\count338
\c@listcount=\count339
\c@liststart=\count340
\c@liststop=\count341
\c@citecount=\count342
\c@citetotal=\count343
\c@multicitecount=\count344
\c@multicitetotal=\count345
\c@instcount=\count346
\c@maxnames=\count347
\c@minnames=\count348
\c@maxitems=\count349
\c@minitems=\count350
\c@citecounter=\count351
\c@maxcitecounter=\count352
\c@savedcitecounter=\count353
\c@uniquelist=\count354
\c@uniquename=\count355
\c@refsection=\count356
\c@refsegment=\count357
\c@maxextratitle=\count358
\c@maxextratitleyear=\count359
\c@maxextraname=\count360
\c@maxextradate=\count361
\c@maxextraalpha=\count362
\c@abbrvpenalty=\count363
\c@highnamepenalty=\count364
\c@lownamepenalty=\count365
\c@maxparens=\count366
\c@parenlevel=\count367
\blx@tempcnta=\count368
\blx@tempcntb=\count369
\blx@tempcntc=\count370
\c@blx@maxsection=\count371
\blx@maxsegment@0=\count372
\blx@notetype=\count373
\blx@parenlevel@text=\count374
\blx@parenlevel@foot=\count375
\blx@sectionciteorder@0=\count376
\blx@sectionciteorderinternal@0=\count377
\blx@entrysetcounter=\count378
\blx@biblioinstance=\count379
\labelnumberwidth=\skip67
\labelalphawidth=\skip68
\biblabelsep=\skip69
\bibitemsep=\skip70
\bibnamesep=\skip71
\bibinitsep=\skip72
\bibparsep=\skip73
\bibhang=\skip74
\blx@bcfin=\read3
\blx@bcfout=\write3
\blx@langwohyphens=\language80
\c@mincomprange=\count380
\c@maxcomprange=\count381
\c@mincompwidth=\count382
Package biblatex Info: Trying to load biblatex default data model...
Package biblatex Info: ... file 'blx-dm.def' found.
 (C:\Users\manul\AppData\Local\Programs\MiKTeX\tex/latex/biblatex\blx-dm.def
File: blx-dm.def 2025/07/10 v3.21 biblatex datamodel (PK/MW)
)
Package biblatex Info: Trying to load biblatex style data model...
Package biblatex Info: ... file 'numeric.dbx' not found.
Package biblatex Info: Trying to load biblatex custom data model...
Package biblatex Info: ... file 'biblatex-dm.cfg' not found.
\c@afterword=\count383
\c@savedafterword=\count384
\c@annotator=\count385
\c@savedannotator=\count386
\c@author=\count387
\c@savedauthor=\count388
\c@bookauthor=\count389
\c@savedbookauthor=\count390
\c@commentator=\count391
\c@savedcommentator=\count392
\c@editor=\count393
\c@savededitor=\count394
\c@editora=\count395
\c@savededitora=\count396
\c@editorb=\count397
\c@savededitorb=\count398
\c@editorc=\count399
\c@savededitorc=\count400
\c@foreword=\count401
\c@savedforeword=\count402
\c@holder=\count403
\c@savedholder=\count404
\c@introduction=\count405
\c@savedintroduction=\count406
\c@namea=\count407
\c@savednamea=\count408
\c@nameb=\count409
\c@savednameb=\count410
\c@namec=\count411
\c@savednamec=\count412
\c@translator=\count413
\c@savedtranslator=\count414
\c@shortauthor=\count415
\c@savedshortauthor=\count416
\c@shorteditor=\count417
\c@savedshorteditor=\count418
\c@labelname=\count419
\c@savedlabelname=\count420
\c@institution=\count421
\c@savedinstitution=\count422
\c@lista=\count423
\c@savedlista=\count424
\c@listb=\count425
\c@savedlistb=\count426
\c@listc=\count427
\c@savedlistc=\count428
\c@listd=\count429
\c@savedlistd=\count430
\c@liste=\count431
\c@savedliste=\count432
\c@listf=\count433
\c@savedlistf=\count434
\c@location=\count435
\c@savedlocation=\count436
\c@organization=\count437
\c@savedorganization=\count438
\c@origlocation=\count439
\c@savedoriglocation=\count440
\c@origpublisher=\count441
\c@savedorigpublisher=\count442
\c@publisher=\count443
\c@savedpublisher=\count444
\c@language=\count445
\c@savedlanguage=\count446
\c@origlanguage=\count447
\c@savedoriglanguage=\count448
\c@pageref=\count449
\c@savedpageref=\count450
\shorthandwidth=\skip75
\shortjournalwidth=\skip76
\shortserieswidth=\skip77
\shorttitlewidth=\skip78
\shortauthorwidth=\skip79
\shorteditorwidth=\skip80
\locallabelnumberwidth=\skip81
\locallabelalphawidth=\skip82
\localshorthandwidth=\skip83
\localshortjournalwidth=\skip84
\localshortserieswidth=\skip85
\localshorttitlewidth=\skip86
\localshortauthorwidth=\skip87
\localshorteditorwidth=\skip88
Package biblatex Info: Trying to load compatibility code...
Package biblatex Info: ... file 'blx-compat.def' found.
 (C:\Users\manul\AppData\Local\Programs\MiKTeX\tex/latex/biblatex\blx-compat.def
File: blx-compat.def 2025/07/10 v3.21 biblatex compatibility (PK/MW)
)
Package biblatex Info: Trying to load generic definitions...
Package biblatex Info: ... file 'biblatex.def' found.
 (C:\Users\manul\AppData\Local\Programs\MiKTeX\tex/latex/biblatex\biblatex.def
File: biblatex.def 2025/07/10 v3.21 biblatex compatibility (PK/MW)
\c@textcitecount=\count451
\c@textcitetotal=\count452
\c@textcitemaxnames=\count453
\c@biburlbigbreakpenalty=\count454
\c@biburlbreakpenalty=\count455
\c@biburlnumpenalty=\count456
\c@biburlucpenalty=\count457
\c@biburllcpenalty=\count458
\biburlbigskip=\muskip19
\biburlnumskip=\muskip20
\biburlucskip=\muskip21
\biburllcskip=\muskip22
\c@smartand=\count459
)
Package biblatex Info: Trying to load bibliography style 'numeric'...
Package biblatex Info: ... file 'numeric.bbx' found.
 (C:\Users\manul\AppData\Local\Programs\MiKTeX\tex/latex/biblatex/bbx\numeric.bbx
File: numeric.bbx 2025/07/10 v3.21 biblatex bibliography style (PK/MW)
Package biblatex Info: Trying to load bibliography style 'standard'...
Package biblatex Info: ... file 'standard.bbx' found.
 (C:\Users\manul\AppData\Local\Programs\MiKTeX\tex/latex/biblatex/bbx\standard.bbx
File: standard.bbx 2025/07/10 v3.21 biblatex bibliography style (PK/MW)
\c@bbx:relatedcount=\count460
\c@bbx:relatedtotal=\count461
))
Package biblatex Info: Trying to load citation style 'numeric'...
Package biblatex Info: ... file 'numeric.cbx' found.
 (C:\Users\manul\AppData\Local\Programs\MiKTeX\tex/latex/biblatex/cbx\numeric.cbx
File: numeric.cbx 2025/07/10 v3.21 biblatex citation style (PK/MW)
Package biblatex Info: Redefining '\cite'.
Package biblatex Info: Redefining '\parencite'.
Package biblatex Info: Redefining '\footcite'.
Package biblatex Info: Redefining '\footcitetext'.
Package biblatex Info: Redefining '\smartcite'.
Package biblatex Info: Redefining '\supercite'.
Package biblatex Info: Redefining '\textcite'.
Package biblatex Info: Redefining '\textcites'.
Package biblatex Info: Redefining '\cites'.
Package biblatex Info: Redefining '\parencites'.
Package biblatex Info: Redefining '\smartcites'.
)
Package biblatex Info: Trying to load configuration file...
Package biblatex Info: ... file 'biblatex.cfg' found.
 (C:\Users\manul\AppData\Local\Programs\MiKTeX\tex/latex/biblatex\biblatex.cfg
File: biblatex.cfg 
)
Package biblatex Info: Input encoding 'utf8' detected.
Package biblatex Info: Document encoding is UTF8 ....
 (C:\Users\manul\AppData\Local\Programs\MiKTeX\tex/latex/l3kernel\expl3.sty
Package: expl3 2025-08-13 L3 programming layer (loader) 
 (C:\Users\manul\AppData\Local\Programs\MiKTeX\tex/latex/l3backend\l3backend-pdftex.def
File: l3backend-pdftex.def 2025-06-09 L3 backend support: PDF output (pdfTeX)
\l__color_backend_stack_int=\count462
))
Package biblatex Info: ... and expl3
(biblatex)             2025-08-13 L3 programming layer (loader) 
(biblatex)             is new enough (at least 2020/04/06),
(biblatex)             setting 'casechanger=expl3'.
 (C:\Users\manul\AppData\Local\Programs\MiKTeX\tex/latex/biblatex\blx-case-expl3.sty (C:\Users\manul\AppData\Local\Programs\MiKTeX\tex/latex/l3packages/xparse\xparse.sty
Package: xparse 2024-08-16 L3 Experimental document command parser
)
Package: blx-case-expl3 2025/07/10 v3.21 expl3 case changing code for biblatex
)) (C:\Users\manul\AppData\Local\Programs\MiKTeX\tex/latex/comment\comment.sty
\CommentStream=\write4
 Excluding comment 'comment') (C:\Users\manul\AppData\Local\Programs\MiKTeX\tex/latex/tools\xspace.sty
Package: xspace 2014/10/28 v1.13 Space after command names (DPC,MH)
) (C:\Users\manul\AppData\Local\Programs\MiKTeX\tex/latex/pdflscape\pdflscape.sty
Package: pdflscape 2022-10-27 v0.13 Display of landscape pages in PDF
 (C:\Users\manul\AppData\Local\Programs\MiKTeX\tex/latex/pdflscape\pdflscape-nometadata.sty
Package: pdflscape-nometadata 2022-10-28 v0.13 Display of landscape pages in PDF (HO)
 (C:\Users\manul\AppData\Local\Programs\MiKTeX\tex/latex/graphics\lscape.sty
Package: lscape 2020/05/28 v3.02 Landscape Pages (DPC)
)
Package pdflscape Info: Auto-detected driver: pdftex on input line 81.
)) (C:\Users\manul\AppData\Local\Programs\MiKTeX\tex/latex/algorithms\algorithm.sty
Package: algorithm 2009/08/24 v0.1 Document Style `algorithm' - floating environment
 (C:\Users\manul\AppData\Local\Programs\MiKTeX\tex/latex/float\float.sty
Package: float 2001/11/08 v1.3d Float enhancements (AL)
\c@float@type=\count463
\float@exts=\toks43
\float@box=\box69
\@float@everytoks=\toks44
\@floatcapt=\box70
)
\@float@every@algorithm=\toks45
\c@algorithm=\count464
) (C:\Users\manul\AppData\Local\Programs\MiKTeX\tex/latex/algorithmicx\algpseudocode.sty
Package: algpseudocode 
 (C:\Users\manul\AppData\Local\Programs\MiKTeX\tex/latex/algorithmicx\algorithmicx.sty
Package: algorithmicx 2005/04/27 v1.2 Algorithmicx

Document Style algorithmicx 1.2 - a greatly improved `algorithmic' style
\c@ALG@line=\count465
\c@ALG@rem=\count466
\c@ALG@nested=\count467
\ALG@tlm=\skip89
\ALG@thistlm=\skip90
\c@ALG@Lnr=\count468
\c@ALG@blocknr=\count469
\c@ALG@storecount=\count470
\c@ALG@tmpcounter=\count471
\ALG@tmplength=\skip91
)
Document Style - pseudocode environments for use with the `algorithmicx' style
) (C:\Users\manul\AppData\Local\Programs\MiKTeX\tex/latex/listings\listings.sty
\lst@mode=\count472
\lst@gtempboxa=\box71
\lst@token=\toks46
\lst@length=\count473
\lst@currlwidth=\dimen262
\lst@column=\count474
\lst@pos=\count475
\lst@lostspace=\dimen263
\lst@width=\dimen264
\lst@newlines=\count476
\lst@lineno=\count477
\lst@maxwidth=\dimen265
 (C:\Users\manul\AppData\Local\Programs\MiKTeX\tex/latex/listings\lstpatch.sty
File: lstpatch.sty 2024/09/23 1.10c (Carsten Heinz)
) (C:\Users\manul\AppData\Local\Programs\MiKTeX\tex/latex/listings\lstmisc.sty
File: lstmisc.sty 2024/09/23 1.10c (Carsten Heinz)
\c@lstnumber=\count478
\lst@skipnumbers=\count479
\lst@framebox=\box72
) (C:\Users\manul\AppData\Local\Programs\MiKTeX\tex/latex/listings\listings.cfg
File: listings.cfg 2024/09/23 1.10c listings configuration
))
Package: listings 2024/09/23 1.10c (Carsten Heinz)
\@float@every@lstfloat=\toks47
\c@lstfloat=\count480
 (C:\Users\manul\AppData\Local\Programs\MiKTeX\tex/latex/todonotes\todonotes.sty
Package: todonotes 2024/01/05 v1.1.7 Todonotes source and documentation.
Package: todonotes 2024/01/05
 (C:\Users\manul\AppData\Local\Programs\MiKTeX\tex/latex/pgf/frontendlayer\tikz.sty (C:\Users\manul\AppData\Local\Programs\MiKTeX\tex/latex/pgf/basiclayer\pgf.sty (C:\Users\manul\AppData\Local\Programs\MiKTeX\tex/latex/pgf/utilities\pgfrcs.sty (C:\Users\manul\AppData\Local\Programs\MiKTeX\tex/generic/pgf/utilities\pgfutil-common.tex
\pgfutil@everybye=\toks48
\pgfutil@tempdima=\dimen266
\pgfutil@tempdimb=\dimen267
) (C:\Users\manul\AppData\Local\Programs\MiKTeX\tex/generic/pgf/utilities\pgfutil-latex.def
\pgfutil@abb=\box73
) (C:\Users\manul\AppData\Local\Programs\MiKTeX\tex/generic/pgf/utilities\pgfrcs.code.tex (C:\Users\manul\AppData\Local\Programs\MiKTeX\tex/generic/pgf\pgf.revision.tex)
Package: pgfrcs 2025-08-29 v3.1.11a (3.1.11a)
))
Package: pgf 2025-08-29 v3.1.11a (3.1.11a)
 (C:\Users\manul\AppData\Local\Programs\MiKTeX\tex/latex/pgf/basiclayer\pgfcore.sty (C:\Users\manul\AppData\Local\Programs\MiKTeX\tex/latex/pgf/systemlayer\pgfsys.sty (C:\Users\manul\AppData\Local\Programs\MiKTeX\tex/generic/pgf/systemlayer\pgfsys.code.tex
Package: pgfsys 2025-08-29 v3.1.11a (3.1.11a)
 (C:\Users\manul\AppData\Local\Programs\MiKTeX\tex/generic/pgf/utilities\pgfkeys.code.tex
\pgfkeys@pathtoks=\toks49
\pgfkeys@temptoks=\toks50
 (C:\Users\manul\AppData\Local\Programs\MiKTeX\tex/generic/pgf/utilities\pgfkeyslibraryfiltered.code.tex
\pgfkeys@tmptoks=\toks51
))
\pgf@x=\dimen268
\pgf@y=\dimen269
\pgf@xa=\dimen270
\pgf@ya=\dimen271
\pgf@xb=\dimen272
\pgf@yb=\dimen273
\pgf@xc=\dimen274
\pgf@yc=\dimen275
\pgf@xd=\dimen276
\pgf@yd=\dimen277
\w@pgf@writea=\write5
\r@pgf@reada=\read4
\c@pgf@counta=\count481
\c@pgf@countb=\count482
\c@pgf@countc=\count483
\c@pgf@countd=\count484
\t@pgf@toka=\toks52
\t@pgf@tokb=\toks53
\t@pgf@tokc=\toks54
\pgf@sys@id@count=\count485
 (C:\Users\manul\AppData\Local\Programs\MiKTeX\tex/generic/pgf/systemlayer\pgf.cfg
File: pgf.cfg 2025-08-29 v3.1.11a (3.1.11a)
)
Driver file for pgf: pgfsys-pdftex.def
 (C:\Users\manul\AppData\Local\Programs\MiKTeX\tex/generic/pgf/systemlayer\pgfsys-pdftex.def
File: pgfsys-pdftex.def 2025-08-29 v3.1.11a (3.1.11a)
 (C:\Users\manul\AppData\Local\Programs\MiKTeX\tex/generic/pgf/systemlayer\pgfsys-common-pdf.def
File: pgfsys-common-pdf.def 2025-08-29 v3.1.11a (3.1.11a)
))) (C:\Users\manul\AppData\Local\Programs\MiKTeX\tex/generic/pgf/systemlayer\pgfsyssoftpath.code.tex
File: pgfsyssoftpath.code.tex 2025-08-29 v3.1.11a (3.1.11a)
\pgfsyssoftpath@smallbuffer@items=\count486
\pgfsyssoftpath@bigbuffer@items=\count487
) (C:\Users\manul\AppData\Local\Programs\MiKTeX\tex/generic/pgf/systemlayer\pgfsysprotocol.code.tex
File: pgfsysprotocol.code.tex 2025-08-29 v3.1.11a (3.1.11a)
)) (C:\Users\manul\AppData\Local\Programs\MiKTeX\tex/generic/pgf/basiclayer\pgfcore.code.tex
Package: pgfcore 2025-08-29 v3.1.11a (3.1.11a)
 (C:\Users\manul\AppData\Local\Programs\MiKTeX\tex/generic/pgf/math\pgfmath.code.tex (C:\Users\manul\AppData\Local\Programs\MiKTeX\tex/generic/pgf/math\pgfmathutil.code.tex) (C:\Users\manul\AppData\Local\Programs\MiKTeX\tex/generic/pgf/math\pgfmathparser.code.tex
\pgfmath@dimen=\dimen278
\pgfmath@count=\count488
\pgfmath@box=\box74
\pgfmath@toks=\toks55
\pgfmath@stack@operand=\toks56
\pgfmath@stack@operation=\toks57
) (C:\Users\manul\AppData\Local\Programs\MiKTeX\tex/generic/pgf/math\pgfmathfunctions.code.tex) (C:\Users\manul\AppData\Local\Programs\MiKTeX\tex/generic/pgf/math\pgfmathfunctions.basic.code.tex) (C:\Users\manul\AppData\Local\Programs\MiKTeX\tex/generic/pgf/math\pgfmathfunctions.trigonometric.code.tex) (C:\Users\manul\AppData\Local\Programs\MiKTeX\tex/generic/pgf/math\pgfmathfunctions.random.code.tex) (C:\Users\manul\AppData\Local\Programs\MiKTeX\tex/generic/pgf/math\pgfmathfunctions.comparison.code.tex) (C:\Users\manul\AppData\Local\Programs\MiKTeX\tex/generic/pgf/math\pgfmathfunctions.base.code.tex) (C:\Users\manul\AppData\Local\Programs\MiKTeX\tex/generic/pgf/math\pgfmathfunctions.round.code.tex) (C:\Users\manul\AppData\Local\Programs\MiKTeX\tex/generic/pgf/math\pgfmathfunctions.misc.code.tex) (C:\Users\manul\AppData\Local\Programs\MiKTeX\tex/generic/pgf/math\pgfmathfunctions.integerarithmetics.code.tex) (C:\Users\manul\AppData\Local\Programs\MiKTeX\tex/generic/pgf/math\pgfmathcalc.code.tex) (C:\Users\manul\AppData\Local\Programs\MiKTeX\tex/generic/pgf/math\pgfmathfloat.code.tex
\c@pgfmathroundto@lastzeros=\count489
)) (C:\Users\manul\AppData\Local\Programs\MiKTeX\tex/generic/pgf/math\pgfint.code.tex) (C:\Users\manul\AppData\Local\Programs\MiKTeX\tex/generic/pgf/basiclayer\pgfcorepoints.code.tex
File: pgfcorepoints.code.tex 2025-08-29 v3.1.11a (3.1.11a)
\pgf@picminx=\dimen279
\pgf@picmaxx=\dimen280
\pgf@picminy=\dimen281
\pgf@picmaxy=\dimen282
\pgf@pathminx=\dimen283
\pgf@pathmaxx=\dimen284
\pgf@pathminy=\dimen285
\pgf@pathmaxy=\dimen286
\pgf@xx=\dimen287
\pgf@xy=\dimen288
\pgf@yx=\dimen289
\pgf@yy=\dimen290
\pgf@zx=\dimen291
\pgf@zy=\dimen292
) (C:\Users\manul\AppData\Local\Programs\MiKTeX\tex/generic/pgf/basiclayer\pgfcorepathconstruct.code.tex
File: pgfcorepathconstruct.code.tex 2025-08-29 v3.1.11a (3.1.11a)
\pgf@path@lastx=\dimen293
\pgf@path@lasty=\dimen294
) (C:\Users\manul\AppData\Local\Programs\MiKTeX\tex/generic/pgf/basiclayer\pgfcorepathusage.code.tex
File: pgfcorepathusage.code.tex 2025-08-29 v3.1.11a (3.1.11a)
\pgf@shorten@end@additional=\dimen295
\pgf@shorten@start@additional=\dimen296
) (C:\Users\manul\AppData\Local\Programs\MiKTeX\tex/generic/pgf/basiclayer\pgfcorescopes.code.tex
File: pgfcorescopes.code.tex 2025-08-29 v3.1.11a (3.1.11a)
\pgfpic=\box75
\pgf@hbox=\box76
\pgf@layerbox@main=\box77
\pgf@picture@serial@count=\count490
) (C:\Users\manul\AppData\Local\Programs\MiKTeX\tex/generic/pgf/basiclayer\pgfcoregraphicstate.code.tex
File: pgfcoregraphicstate.code.tex 2025-08-29 v3.1.11a (3.1.11a)
\pgflinewidth=\dimen297
) (C:\Users\manul\AppData\Local\Programs\MiKTeX\tex/generic/pgf/basiclayer\pgfcoretransformations.code.tex
File: pgfcoretransformations.code.tex 2025-08-29 v3.1.11a (3.1.11a)
\pgf@pt@x=\dimen298
\pgf@pt@y=\dimen299
\pgf@pt@temp=\dimen300
) (C:\Users\manul\AppData\Local\Programs\MiKTeX\tex/generic/pgf/basiclayer\pgfcorequick.code.tex
File: pgfcorequick.code.tex 2025-08-29 v3.1.11a (3.1.11a)
) (C:\Users\manul\AppData\Local\Programs\MiKTeX\tex/generic/pgf/basiclayer\pgfcoreobjects.code.tex
File: pgfcoreobjects.code.tex 2025-08-29 v3.1.11a (3.1.11a)
) (C:\Users\manul\AppData\Local\Programs\MiKTeX\tex/generic/pgf/basiclayer\pgfcorepathprocessing.code.tex
File: pgfcorepathprocessing.code.tex 2025-08-29 v3.1.11a (3.1.11a)
) (C:\Users\manul\AppData\Local\Programs\MiKTeX\tex/generic/pgf/basiclayer\pgfcorearrows.code.tex
File: pgfcorearrows.code.tex 2025-08-29 v3.1.11a (3.1.11a)
\pgfarrowsep=\dimen301
) (C:\Users\manul\AppData\Local\Programs\MiKTeX\tex/generic/pgf/basiclayer\pgfcoreshade.code.tex
File: pgfcoreshade.code.tex 2025-08-29 v3.1.11a (3.1.11a)
\pgf@max=\dimen302
\pgf@sys@shading@range@num=\count491
\pgf@shadingcount=\count492
) (C:\Users\manul\AppData\Local\Programs\MiKTeX\tex/generic/pgf/basiclayer\pgfcoreimage.code.tex
File: pgfcoreimage.code.tex 2025-08-29 v3.1.11a (3.1.11a)
) (C:\Users\manul\AppData\Local\Programs\MiKTeX\tex/generic/pgf/basiclayer\pgfcoreexternal.code.tex
File: pgfcoreexternal.code.tex 2025-08-29 v3.1.11a (3.1.11a)
\pgfexternal@startupbox=\box78
) (C:\Users\manul\AppData\Local\Programs\MiKTeX\tex/generic/pgf/basiclayer\pgfcorelayers.code.tex
File: pgfcorelayers.code.tex 2025-08-29 v3.1.11a (3.1.11a)
) (C:\Users\manul\AppData\Local\Programs\MiKTeX\tex/generic/pgf/basiclayer\pgfcoretransparency.code.tex
File: pgfcoretransparency.code.tex 2025-08-29 v3.1.11a (3.1.11a)
) (C:\Users\manul\AppData\Local\Programs\MiKTeX\tex/generic/pgf/basiclayer\pgfcorepatterns.code.tex
File: pgfcorepatterns.code.tex 2025-08-29 v3.1.11a (3.1.11a)
) (C:\Users\manul\AppData\Local\Programs\MiKTeX\tex/generic/pgf/basiclayer\pgfcorerdf.code.tex
File: pgfcorerdf.code.tex 2025-08-29 v3.1.11a (3.1.11a)
))) (C:\Users\manul\AppData\Local\Programs\MiKTeX\tex/generic/pgf/modules\pgfmoduleshapes.code.tex
File: pgfmoduleshapes.code.tex 2025-08-29 v3.1.11a (3.1.11a)
\pgfnodeparttextbox=\box79
) (C:\Users\manul\AppData\Local\Programs\MiKTeX\tex/generic/pgf/modules\pgfmoduleplot.code.tex
File: pgfmoduleplot.code.tex 2025-08-29 v3.1.11a (3.1.11a)
) (C:\Users\manul\AppData\Local\Programs\MiKTeX\tex/latex/pgf/compatibility\pgfcomp-version-0-65.sty
Package: pgfcomp-version-0-65 2025-08-29 v3.1.11a (3.1.11a)
\pgf@nodesepstart=\dimen303
\pgf@nodesepend=\dimen304
) (C:\Users\manul\AppData\Local\Programs\MiKTeX\tex/latex/pgf/compatibility\pgfcomp-version-1-18.sty
Package: pgfcomp-version-1-18 2025-08-29 v3.1.11a (3.1.11a)
)) (C:\Users\manul\AppData\Local\Programs\MiKTeX\tex/latex/pgf/utilities\pgffor.sty (C:\Users\manul\AppData\Local\Programs\MiKTeX\tex/latex/pgf/utilities\pgfkeys.sty (C:\Users\manul\AppData\Local\Programs\MiKTeX\tex/generic/pgf/utilities\pgfkeys.code.tex)) (C:\Users\manul\AppData\Local\Programs\MiKTeX\tex/latex/pgf/math\pgfmath.sty (C:\Users\manul\AppData\Local\Programs\MiKTeX\tex/generic/pgf/math\pgfmath.code.tex)) (C:\Users\manul\AppData\Local\Programs\MiKTeX\tex/generic/pgf/utilities\pgffor.code.tex
Package: pgffor 2025-08-29 v3.1.11a (3.1.11a)
\pgffor@iter=\dimen305
\pgffor@skip=\dimen306
\pgffor@stack=\toks58
\pgffor@toks=\toks59
)) (C:\Users\manul\AppData\Local\Programs\MiKTeX\tex/generic/pgf/frontendlayer/tikz\tikz.code.tex
Package: tikz 2025-08-29 v3.1.11a (3.1.11a)
 (C:\Users\manul\AppData\Local\Programs\MiKTeX\tex/generic/pgf/libraries\pgflibraryplothandlers.code.tex
File: pgflibraryplothandlers.code.tex 2025-08-29 v3.1.11a (3.1.11a)
\pgf@plot@mark@count=\count493
\pgfplotmarksize=\dimen307
)
\tikz@lastx=\dimen308
\tikz@lasty=\dimen309
\tikz@lastxsaved=\dimen310
\tikz@lastysaved=\dimen311
\tikz@lastmovetox=\dimen312
\tikz@lastmovetoy=\dimen313
\tikzleveldistance=\dimen314
\tikzsiblingdistance=\dimen315
\tikz@figbox=\box80
\tikz@figbox@bg=\box81
\tikz@tempbox=\box82
\tikz@tempbox@bg=\box83
\tikztreelevel=\count494
\tikznumberofchildren=\count495
\tikznumberofcurrentchild=\count496
\tikz@fig@count=\count497
 (C:\Users\manul\AppData\Local\Programs\MiKTeX\tex/generic/pgf/modules\pgfmodulematrix.code.tex
File: pgfmodulematrix.code.tex 2025-08-29 v3.1.11a (3.1.11a)
\pgfmatrixcurrentrow=\count498
\pgfmatrixcurrentcolumn=\count499
\pgf@matrix@numberofcolumns=\count500
)
\tikz@expandcount=\count501
 (C:\Users\manul\AppData\Local\Programs\MiKTeX\tex/generic/pgf/frontendlayer/tikz/libraries\tikzlibrarytopaths.code.tex
File: tikzlibrarytopaths.code.tex 2025-08-29 v3.1.11a (3.1.11a)
))) (C:\Users\manul\AppData\Local\Programs\MiKTeX\tex/generic/pgf/frontendlayer/tikz/libraries\tikzlibrarypositioning.code.tex
File: tikzlibrarypositioning.code.tex 2025-08-29 v3.1.11a (3.1.11a)
)
\c@@todonotes@numberoftodonotes=\count502
 (C:\Users\manul\AppData\Local\Programs\MiKTeX\tex/generic/pgf/frontendlayer/tikz/libraries\tikzlibraryshadows.code.tex
File: tikzlibraryshadows.code.tex 2025-08-29 v3.1.11a (3.1.11a)
 (C:\Users\manul\AppData\Local\Programs\MiKTeX\tex/generic/pgf/frontendlayer/tikz/libraries\tikzlibraryfadings.code.tex
File: tikzlibraryfadings.code.tex 2025-08-29 v3.1.11a (3.1.11a)
 (C:\Users\manul\AppData\Local\Programs\MiKTeX\tex/generic/pgf/libraries\pgflibraryfadings.code.tex
File: pgflibraryfadings.code.tex 2025-08-29 v3.1.11a (3.1.11a)
)))) (C:\Users\manul\AppData\Local\Programs\MiKTeX\tex/latex/svg\svg.sty
Package: svg 2020/11/26 v2.02k (include SVG pictures)
 (C:\Users\manul\AppData\Local\Programs\MiKTeX\tex/latex/koma-script\scrbase.sty
Package: scrbase 2025/08/28 v3.47 KOMA-Script package (KOMA-Script-independent basics and keyval usage)
 (C:\Users\manul\AppData\Local\Programs\MiKTeX\tex/latex/koma-script\scrlfile.sty
Package: scrlfile 2025/08/28 v3.47 KOMA-Script package (file load hooks)
 (C:\Users\manul\AppData\Local\Programs\MiKTeX\tex/latex/koma-script\scrlfile-hook.sty
Package: scrlfile-hook 2025/08/28 v3.47 KOMA-Script package (using LaTeX hooks)
 (C:\Users\manul\AppData\Local\Programs\MiKTeX\tex/latex/koma-script\scrlogo.sty
Package: scrlogo 2025/08/28 v3.47 KOMA-Script package (logo)
)))
Applying: [2021/05/01] Usage of raw or classic option list on input line 254.
Already applied: [0000/00/00] Usage of raw or classic option list on input line 370.
) (C:\Users\manul\AppData\Local\Programs\MiKTeX\tex/latex/trimspaces\trimspaces.sty
Package: trimspaces 2009/09/17 v1.1 Trim spaces around a token list
) (C:\Users\manul\AppData\Local\Programs\MiKTeX\tex/latex/tools\shellesc.sty
Package: shellesc 2023/07/08 v1.0d unified shell escape interface for LaTeX
Package shellesc Info: Restricted shell escape enabled on input line 77.
)
\c@svg@param@lastpage=\count503
\svg@box=\box84
\c@svg@param@currpage=\count504
) (C:\Users\manul\AppData\Local\Programs\MiKTeX\tex/latex/transparent\transparent.sty
Package: transparent 2025-06-23 v1.6 Transparency with color stacks
 (C:\Users\manul\AppData\Local\Programs\MiKTeX\tex/latex/transparent\transparent-nometadata.sty
Package: transparent-nometadata 2025-06-23 v1.6 Transparency via pdfTeX's color stack (HO)
 (C:\Users\manul\AppData\Local\Programs\MiKTeX\tex/latex/auxhook\auxhook.sty
Package: auxhook 2019-12-17 v1.6 Hooks for auxiliary files (HO)
))) (C:\Users\manul\AppData\Local\Programs\MiKTeX\tex/latex/pdfpages\pdfpages.sty
Package: pdfpages 2025/07/23 v0.6g Insert pages of external PDF documents (AM)
 (C:\Users\manul\AppData\Local\Programs\MiKTeX\tex/latex/eso-pic\eso-pic.sty
Package: eso-pic 2023/05/03 v3.0c eso-pic (RN)
\ESO@tempdima=\dimen316
\ESO@tempdimb=\dimen317
)
\AM@pagewidth=\dimen318
\AM@pageheight=\dimen319
\AM@fboxrule=\dimen320
 (C:\Users\manul\AppData\Local\Programs\MiKTeX\tex/latex/pdfpages\pppdftex.def
File: pppdftex.def 2025/07/23 v0.6g Pdfpages driver for pdfTeX (AM)
)
\pdfpages@includegraphics@status=\count505
\AM@pagebox=\box85
\AM@global@opts=\toks60
\AM@pagecnt=\count506
\AM@toc@title=\toks61
\AM@lof@heading=\toks62
\c@AM@survey=\count507
\AM@templatesizebox=\box86
) (C:\Users\manul\AppData\Local\Programs\MiKTeX\tex/latex/caption\caption.sty
Package: caption 2023/08/05 v3.6o Customizing captions (AR)
 (C:\Users\manul\AppData\Local\Programs\MiKTeX\tex/latex/caption\caption3.sty
Package: caption3 2023/07/31 v2.4d caption3 kernel (AR)
\caption@tempdima=\dimen321
\captionmargin=\dimen322
\caption@leftmargin=\dimen323
\caption@rightmargin=\dimen324
\caption@width=\dimen325
\caption@indent=\dimen326
\caption@parindent=\dimen327
\caption@hangindent=\dimen328
Package caption Info: Standard document class detected.
)
\c@caption@flags=\count508
\c@continuedfloat=\count509
Package caption Info: float package is loaded.
Package caption Info: hyperref package is loaded.
Package caption Info: listings package is loaded.
Package caption Info: longtable package is loaded.
 (C:\Users\manul\AppData\Local\Programs\MiKTeX\tex/latex/caption\ltcaption.sty
Package: ltcaption 2021/01/08 v1.4c longtable captions (AR)
)
Package caption Info: wrapfig package is loaded.
) (C:\Users\manul\AppData\Local\Programs\MiKTeX\tex/latex/caption\subcaption.sty
Package: subcaption 2023/07/28 v1.6b Sub-captions (AR)
Package caption Info: New subtype `subfigure' on input line 238.
\c@subfigure=\count510
Package caption Info: New subtype `subtable' on input line 238.
\c@subtable=\count511
) (C:\Users\manul\AppData\Local\Programs\MiKTeX\tex/latex/minted\minted.sty
Package: minted 2025/05/14 v3.7.0 Yet another Pygments shim for LaTeX
 (C:\Users\manul\AppData\Local\Programs\MiKTeX\tex/generic/catchfile\catchfile.sty
Package: catchfile 2019/12/09 v1.8 Catch the contents of a file (HO)
) (C:\Users\manul\AppData\Local\Programs\MiKTeX\tex/latex/fvextra\fvextra.sty
Package: fvextra 2025/05/29 v1.13.2 fvextra - extensions and patches for fancyvrb
 (C:\Users\manul\AppData\Local\Programs\MiKTeX\tex/latex/fancyvrb\fancyvrb.sty
Package: fancyvrb 2025/07/28 4.6 verbatim text (tvz,hv)
\FV@CodeLineNo=\count512
\FV@InFile=\read5
\FV@TabBox=\box87
\c@FancyVerbLine=\count513
\FV@StepNumber=\count514
\FV@OutFile=\write6
) (C:\Users\manul\AppData\Local\Programs\MiKTeX\tex/latex/upquote\upquote.sty
Package: upquote 2012/04/19 v1.3 upright-quote and grave-accent glyphs in verbatim
) (C:\Users\manul\AppData\Local\Programs\MiKTeX\tex/latex/lineno\lineno.sty
Package: lineno 2025/05/13 line numbers on paragraphs v5.5
\linenopenalty=\count515
\output=\toks63
\linenoprevgraf=\count516
\linenumbersep=\dimen329
\linenumberwidth=\dimen330
\c@linenumber=\count517
\c@pagewiselinenumber=\count518
\c@LN@truepage=\count519
\c@internallinenumber=\count520
\c@internallinenumbers=\count521
\quotelinenumbersep=\dimen331
\bframerule=\dimen332
\bframesep=\dimen333
\bframebox=\box88
\@LN@amsmath@ams@eqpen=\count522


LaTeX Warning: Command \@parboxrestore  has changed.
               Check if current package is valid.

)

Package fvextra Warning: csquotes should be loaded after fvextra, to avoid a warning from the lineno package on input line 37.

\c@FancyVerbWriteLine=\count523
\c@FancyVerbBufferLine=\count524
\c@FV@TrueTabGroupLevel=\count525
\c@FV@TrueTabCounter=\count526
\FV@TabBox@Group=\box89
\FV@bgcolorstructbox=\box90
\FV@TmpLength=\skip92
\c@FV@HighlightLinesStart=\count527
\c@FV@HighlightLinesStop=\count528
\FV@LoopCount=\count529
\FV@NCharsBox=\box91
\FV@BreakIndent=\dimen334
\FV@BreakIndentNChars=\count530
\FV@BreakSymbolSepLeft=\dimen335
\FV@BreakSymbolSepLeftNChars=\count531
\FV@BreakSymbolSepRight=\dimen336
\FV@BreakSymbolSepRightNChars=\count532
\FV@BreakSymbolIndentLeft=\dimen337
\FV@BreakSymbolIndentLeftNChars=\count533
\FV@BreakSymbolIndentRight=\dimen338
\FV@BreakSymbolIndentRightNChars=\count534
\c@FancyVerbLineBreakLast=\count535
\FV@LineBox=\box92
\FV@LineIndentBox=\box93
\c@FV@BreakBufferDepth=\count536
\FV@LineWidth=\dimen339
) (C:\Users\manul\AppData\Local\Programs\MiKTeX\tex/latex/latex2pydata\latex2pydata.sty
Package: latex2pydata 2025/03/26 v0.6.0 latex2pydata - write data to file in Python literal format
) (C:\Users\manul\AppData\Local\Programs\MiKTeX\tex/latex/pgfopts\pgfopts.sty
Package: pgfopts 2014/07/10 v2.1a LaTeX package options with pgfkeys
\pgfopts@list@add@a@toks=\toks64
\pgfopts@list@add@b@toks=\toks65
) (C:\Users\manul\AppData\Local\Programs\MiKTeX\tex/latex/newfloat\newfloat.sty
Package: newfloat 2023/10/01 v1.2 Defining new floating environments (AR)
Package newfloat Info: Unsupported document class, or \@chapter 
(newfloat)             was already redefined by another package.
Package newfloat Info: \@chapter = macro:->\def \Hy@next {\Hy@MakeCurrentHrefAuto {\Hy@chapapp *}\Hy@raisedlink {\hyper@anchorstart {\@currentHref }\hyper@anchorend }}\ifnum \c@secnumdepth >\m@ne \@ifundefined {if@mainmatter}\iftrue {\csname if@mainmatter\endcsname }\let \Hy@next \relax \fi \fi \Hy@next \Hy@org@chapter .
Package newfloat Info: \Hy@org@chapter = macro:[#1]#2->\NR@gettitle {#1}\NR@chapter [{#1}]{#2}.
Package newfloat Info: \algocf@original@chapter = undefined.
Package newfloat Info: `wrapfig' package detected.
)
\c@minted@FancyVerbLineTemp=\count537
Package newfloat Info: New float `listing' with options `fileext=lol,placement=tbp' on input line 1939.
\c@listing=\count538
Package newfloat Info: float type `listing'=16 on input line 1939.
Package caption Info: New subtype `sublisting' on input line 1939.
\c@sublisting=\count539
) (C:\Users\manul\AppData\Local\Programs\MiKTeX\tex/latex/multirow\multirow.sty
Package: multirow 2024/11/12 v2.9 Span multiple rows of a table
\multirow@colwidth=\skip93
\multirow@cntb=\count540
\multirow@dima=\skip94
\bigstrutjot=\dimen340
) (C:\Users\manul\AppData\Local\Programs\MiKTeX\tex/latex/graphics\rotating.sty
Package: rotating 2025/01/14 v2.16e rotated objects in LaTeX
\c@r@tfl@t=\count541
\rotFPtop=\skip95
\rotFPbot=\skip96
\rot@float@box=\box94
\rot@mess@toks=\toks66
) (C:\Users\manul\AppData\Local\Programs\MiKTeX\tex/latex/tools\afterpage.sty
Package: afterpage 2023/07/04 v1.08 After-Page Package (DPC)
\AP@output=\toks67
\AP@partial=\box95
\AP@footins=\box96
)
Package csquotes Info: Checking for multilingual support...
Package csquotes Info: ... found 'babel' package.
Package csquotes Info: Adjusting default style.
Package csquotes Info: Redefining alias 'default' -> 'spanish'.
LaTeX Font Info:    Trying to load font information for T1+ptm on input line 148.
 (C:\Users\manul\AppData\Local\Programs\MiKTeX\tex/latex/psnfss\t1ptm.fd
File: t1ptm.fd 2001/06/04 font definitions for T1/ptm.
) (c:\Users\manul\OneDrive\Escritorio\Tesis_LCC___Manuel_Latorre_C2\build\tesis.aux
LaTeX Info: Redefining \. on input line 13.
LaTeX Info: Redefining \% on input line 13.
Package babel Info: 'spanish' activates 'spanish' shorthands.
(babel)             Reported on input line 13.
)
\openout1 = `tesis.aux'.

LaTeX Font Info:    Checking defaults for OML/cmm/m/it on input line 148.
LaTeX Font Info:    ... okay on input line 148.
LaTeX Font Info:    Checking defaults for OMS/cmsy/m/n on input line 148.
LaTeX Font Info:    ... okay on input line 148.
LaTeX Font Info:    Checking defaults for OT1/cmr/m/n on input line 148.
LaTeX Font Info:    ... okay on input line 148.
LaTeX Font Info:    Checking defaults for T1/cmr/m/n on input line 148.
LaTeX Font Info:    ... okay on input line 148.
LaTeX Font Info:    Checking defaults for TS1/cmr/m/n on input line 148.
LaTeX Font Info:    ... okay on input line 148.
LaTeX Font Info:    Checking defaults for OMX/cmex/m/n on input line 148.
LaTeX Font Info:    ... okay on input line 148.
LaTeX Font Info:    Checking defaults for U/cmr/m/n on input line 148.
LaTeX Font Info:    ... okay on input line 148.
LaTeX Font Info:    Checking defaults for PD1/pdf/m/n on input line 148.
LaTeX Font Info:    ... okay on input line 148.
LaTeX Font Info:    Checking defaults for PU/pdf/m/n on input line 148.
LaTeX Font Info:    ... okay on input line 148.

*geometry* driver: auto-detecting
*geometry* detected driver: pdftex
*geometry* verbose mode - [ preamble ] result:
* driver: pdftex
* paper: a4paper
* layout: <same size as paper>
* layoutoffset:(h,v)=(0.0pt,0.0pt)
* modes: twoside 
* h-part:(L,W,R)=(85.35826pt, 455.24411pt, 56.9055pt)
* v-part:(T,H,B)=(85.35826pt, 702.78308pt, 56.9055pt)
* \paperwidth=597.50787pt
* \paperheight=845.04684pt
* \textwidth=455.24411pt
* \textheight=702.78308pt
* \oddsidemargin=13.08827pt
* \evensidemargin=-15.36449pt
* \topmargin=-18.78552pt
* \headheight=12.0pt
* \headsep=19.8738pt
* \topskip=11.0pt
* \footskip=27.46295pt
* \marginparwidth=106.0pt
* \marginparsep=7.0pt
* \columnsep=10.0pt
* \skip\footins=10.0pt plus 4.0pt minus 2.0pt
* \hoffset=0.0pt
* \voffset=0.0pt
* \mag=1000
* \@twocolumnfalse
* \@twosidetrue
* \@mparswitchtrue
* \@reversemarginfalse
* (1in=72.27pt=25.4mm, 1cm=28.453pt)

LaTeX Info: Redefining \. on input line 148.
LaTeX Info: Redefining \% on input line 148.
(C:\Users\manul\AppData\Local\Programs\MiKTeX\tex/context/base/mkii\supp-pdf.mkii
[Loading MPS to PDF converter (version 2006.09.02).]
\scratchcounter=\count542
\scratchdimen=\dimen341
\scratchbox=\box97
\nofMPsegments=\count543
\nofMParguments=\count544
\everyMPshowfont=\toks68
\MPscratchCnt=\count545
\MPscratchDim=\dimen342
\MPnumerator=\count546
\makeMPintoPDFobject=\count547
\everyMPtoPDFconversion=\toks69
) (C:\Users\manul\AppData\Local\Programs\MiKTeX\tex/latex/epstopdf-pkg\epstopdf-base.sty
Package: epstopdf-base 2020-01-24 v2.11 Base part for package epstopdf
Package epstopdf-base Info: Redefining graphics rule for `.eps' on input line 485.
 (C:\Users\manul\AppData\Local\Programs\MiKTeX\tex/latex/00miktex\epstopdf-sys.cfg
File: epstopdf-sys.cfg 2021/03/18 v2.0 Configuration of epstopdf for MiKTeX
))
Package hyperref Info: Link coloring OFF on input line 148.
 (c:\Users\manul\OneDrive\Escritorio\Tesis_LCC___Manuel_Latorre_C2\build\tesis.out) (c:\Users\manul\OneDrive\Escritorio\Tesis_LCC___Manuel_Latorre_C2\build\tesis.out)
\@outlinefile=\write7
\openout7 = `tesis.out'.

Package biblatex Info: Trying to load language 'spanish'...
Package biblatex Info: ... file 'spanish.lbx' found.
 (C:\Users\manul\AppData\Local\Programs\MiKTeX\tex/latex/biblatex/lbx\spanish.lbx
File: spanish.lbx 2025/07/10 v3.21 biblatex localization (PK/MW)
)
Package biblatex Info: Input encoding 'utf8' detected.
Package biblatex Info: Automatic encoding selection.
(biblatex)             Assuming data encoding 'utf8'.
\openout3 = `tesis.bcf'.

Package biblatex Info: Trying to load bibliographic data...
Package biblatex Info: ... file 'tesis.bbl' found.
 (c:\Users\manul\OneDrive\Escritorio\Tesis_LCC___Manuel_Latorre_C2\build\tesis.bbl)
Package biblatex Info: Reference section=0 on input line 148.
Package biblatex Info: Reference segment=0 on input line 148.
\c@lstlisting=\count548
Package caption Info: Begin \AtBeginDocument code.
Package caption Info: rotating package is loaded.
Package caption Info: End \AtBeginDocument code.
Package newfloat Info: Trying Plan B...
Package newfloat Info: `float' package detected.
Package newfloat Info: `rotating' package detected.
 (Preambulos/caratula.tex
<Imagenes/unc.png, id=193, 1764.5925pt x 1765.59625pt>
File: Imagenes/unc.png Graphic file (type png)
<use Imagenes/unc.png>
Package pdftex.def Info: Imagenes/unc.png  used on input line 19.
(pdftex.def)             Requested size: 71.11018pt x 71.12369pt.
<Imagenes/fai.png, id=194, 297.11pt x 296.10625pt>
File: Imagenes/fai.png Graphic file (type png)
<use Imagenes/fai.png>
Package pdftex.def Info: Imagenes/fai.png  used on input line 19.
(pdftex.def)             Requested size: 71.13104pt x 71.1302pt.

Overfull \hbox (31.16768pt too wide) in paragraph at lines 19--20
 [][] 
 []



[1



{C:/Users/manul/AppData/Local/MiKTeX/fonts/map/pdftex/pdftex.map}{C:/Users/manul/AppData/Local/Programs/MiKTeX/fonts/enc/dvips/base/8r.enc} <./Imagenes/unc.png> <./Imagenes/fai.png>]) (Preambulos/prefacio.tex
Underfull \hbox (badness 10000) in paragraph at lines 1--7

 []


Underfull \hbox (badness 10000) in paragraph at lines 1--7

 []


Underfull \hbox (badness 10000) in paragraph at lines 1--7

 []


Underfull \hbox (badness 10000) in paragraph at lines 1--7

 []


Underfull \hbox (badness 10000) in paragraph at lines 8--9

 []


Underfull \hbox (badness 10000) in paragraph at lines 10--12

 []


Underfull \hbox (badness 10000) in paragraph at lines 10--12

 []


Underfull \hbox (badness 10000) in paragraph at lines 26--27

 []

File: Imagenes/unc.png Graphic file (type png)
<use Imagenes/unc.png>
Package pdftex.def Info: Imagenes/unc.png  used on input line 56.
(pdftex.def)             Requested size: 61.76704pt x 61.80217pt.
)

[2] (Preambulos/resumen.tex
Underfull \hbox (badness 10000) in paragraph at lines 2--5

 []


Underfull \hbox (badness 10000) in paragraph at lines 2--5

 []


Underfull \hbox (badness 10000) in paragraph at lines 2--5

 []


Underfull \hbox (badness 10000) in paragraph at lines 6--7

 []


Underfull \hbox (badness 10000) in paragraph at lines 8--10

 []


Underfull \hbox (badness 10000) in paragraph at lines 8--10

 []

)

[3] (Preambulos/abstract.tex
Underfull \hbox (badness 10000) in paragraph at lines 1--7

 []


Underfull \hbox (badness 10000) in paragraph at lines 1--7

 []


Underfull \hbox (badness 10000) in paragraph at lines 1--7

 []


Underfull \hbox (badness 10000) in paragraph at lines 1--7

 []


Underfull \hbox (badness 10000) in paragraph at lines 8--9

 []


Underfull \hbox (badness 10000) in paragraph at lines 10--13

 []

)

[4] (c:\Users\manul\OneDrive\Escritorio\Tesis_LCC___Manuel_Latorre_C2\build\tesis.toc
LaTeX Info: Redefining \sptext on input line 1.
LaTeX Info: Redefining \. on input line 1.
LaTeX Info: Redefining \% on input line 1.
LaTeX Font Info:    Trying to load font information for U+msa on input line 3.
 (C:\Users\manul\AppData\Local\Programs\MiKTeX\tex/latex/amsfonts\umsa.fd
File: umsa.fd 2013/01/14 v3.01 AMS symbols A
)
LaTeX Font Info:    Trying to load font information for U+msb on input line 3.
 (C:\Users\manul\AppData\Local\Programs\MiKTeX\tex/latex/amsfonts\umsb.fd
File: umsb.fd 2013/01/14 v3.01 AMS symbols B
)

[5

])
\tf@toc=\write8
\openout8 = `tesis.toc'.



LaTeX Info: Redefining \. on input line 181.
LaTeX Info: Redefining \% on input line 181.
Package babel Info: 'spanish' activates 'spanish' shorthands.
(babel)             Reported on input line 181.
[6] (c:\Users\manul\OneDrive\Escritorio\Tesis_LCC___Manuel_Latorre_C2\build\tesis.lof
LaTeX Info: Redefining \sptext on input line 1.
LaTeX Info: Redefining \. on input line 1.
LaTeX Info: Redefining \% on input line 1.
)
\tf@lof=\write9
\openout9 = `tesis.lof'.



[7

]

LaTeX Info: Redefining \. on input line 184.
LaTeX Info: Redefining \% on input line 184.
[8

] (c:\Users\manul\OneDrive\Escritorio\Tesis_LCC___Manuel_Latorre_C2\build\tesis.lot
LaTeX Info: Redefining \sptext on input line 1.
LaTeX Info: Redefining \. on input line 1.
LaTeX Info: Redefining \% on input line 1.
)
\tf@lot=\write10
\openout10 = `tesis.lot'.



[9]

LaTeX Info: Redefining \. on input line 192.
LaTeX Info: Redefining \% on input line 192.
[10

] (Capitulos/introduccion.tex
Cap\'{\i }tulo 1.
Package newfloat Info: Setting Plan B file extension to `lof'... on input line 2.


pdfTeX warning: pdflatex (file ./Imagenes/Intro/TransformacionDatos.pdf): PDF inclusion: found PDF version <1.7>, but at most version <1.5> allowed
<Imagenes/Intro/TransformacionDatos.pdf, id=364, 558.16531pt x 308.11108pt>
File: Imagenes/Intro/TransformacionDatos.pdf Graphic file (type pdf)
<use Imagenes/Intro/TransformacionDatos.pdf>
Package pdftex.def Info: Imagenes/Intro/TransformacionDatos.pdf  used on input line 18.
(pdftex.def)             Requested size: 455.24411pt x 251.2987pt.


[1

]

LaTeX Info: Redefining \. on input line 45.
LaTeX Info: Redefining \% on input line 45.
[2 <./Imagenes/Intro/TransformacionDatos.pdf>]
Underfull \hbox (badness 10000) in paragraph at lines 46--50

 []



LaTeX Info: Redefining \. on input line 90.
LaTeX Info: Redefining \% on input line 90.
[3]) (Capitulos/marcoTeorico/marcoTeorico.tex

LaTeX Info: Redefining \. on input line 1.
LaTeX Info: Redefining \% on input line 1.
[4]
Cap\'{\i }tulo 2.
(Capitulos/marcoTeorico/TCP.tex

[5

]) (Capitulos/marcoTeorico/Seguridad de las comunicaciones.tex

LaTeX Info: Redefining \. on input line 22.
LaTeX Info: Redefining \% on input line 22.
[6]

pdfTeX warning: pdflatex (file ./Imagenes/Seguridad de las comunicaciones/Cifrado simetrico y asimetrico.pdf): PDF inclusion: found PDF version <1.7>, but at most version <1.5> allowed
<Imagenes/Seguridad de las comunicaciones/Cifrado simetrico y asimetrico.pdf, id=453, 554.07pt x 264.02641pt>
File: Imagenes/Seguridad de las comunicaciones/Cifrado simetrico y asimetrico.pdf Graphic file (type pdf)
<use Imagenes/Seguridad de las comunicaciones/Cifrado simetrico y asimetrico.pdf>
Package pdftex.def Info: Imagenes/Seguridad de las comunicaciones/Cifrado simetrico y asimetrico.pdf  used on input line 28.
(pdftex.def)             Requested size: 455.24411pt x 216.93411pt.


LaTeX Info: Redefining \. on input line 44.
LaTeX Info: Redefining \% on input line 44.
[7 <./Imagenes/Seguridad de las comunicaciones/Cifrado simetrico y asimetrico.pdf>]

pdfTeX warning: pdflatex (file ./Imagenes/Seguridad de las comunicaciones/EntidadCertificante.pdf): PDF inclusion: found PDF version <1.7>, but at most version <1.5> allowed
<Imagenes/Seguridad de las comunicaciones/EntidadCertificante.pdf, id=486, 460.6008pt x 302.0886pt>
File: Imagenes/Seguridad de las comunicaciones/EntidadCertificante.pdf Graphic file (type pdf)
<use Imagenes/Seguridad de las comunicaciones/EntidadCertificante.pdf>
Package pdftex.def Info: Imagenes/Seguridad de las comunicaciones/EntidadCertificante.pdf  used on input line 130.
(pdftex.def)             Requested size: 455.24411pt x 298.57541pt.


LaTeX Info: Redefining \. on input line 133.
LaTeX Info: Redefining \% on input line 133.
[8]

LaTeX Info: Redefining \. on input line 158.
LaTeX Info: Redefining \% on input line 158.
[9 <./Imagenes/Seguridad de las comunicaciones/EntidadCertificante.pdf>]

pdfTeX warning: pdflatex (file ./Imagenes/Seguridad de las comunicaciones/OSI.pdf): PDF inclusion: found PDF version <1.7>, but at most version <1.5> allowed
<Imagenes/Seguridad de las comunicaciones/OSI.pdf, id=538, 522.03032pt x 337.26pt>
File: Imagenes/Seguridad de las comunicaciones/OSI.pdf Graphic file (type pdf)
<use Imagenes/Seguridad de las comunicaciones/OSI.pdf>
Package pdftex.def Info: Imagenes/Seguridad de las comunicaciones/OSI.pdf  used on input line 180.
(pdftex.def)             Requested size: 455.24411pt x 294.124pt.


pdfTeX warning: pdflatex (file ./Imagenes/Seguridad de las comunicaciones/TCP_IP-TLS.pdf): PDF inclusion: found PDF version <1.7>, but at most version <1.5> allowed
<Imagenes/Seguridad de las comunicaciones/TCP_IP-TLS.pdf, id=542, 204.765pt x 251.0178pt>
File: Imagenes/Seguridad de las comunicaciones/TCP_IP-TLS.pdf Graphic file (type pdf)
<use Imagenes/Seguridad de las comunicaciones/TCP_IP-TLS.pdf>
Package pdftex.def Info: Imagenes/Seguridad de las comunicaciones/TCP_IP-TLS.pdf  used on input line 192.
(pdftex.def)             Requested size: 227.62206pt x 279.05437pt.


LaTeX Info: Redefining \. on input line 199.
LaTeX Info: Redefining \% on input line 199.
[10]

LaTeX Info: Redefining \. on input line 199.
LaTeX Info: Redefining \% on input line 199.
[11 <./Imagenes/Seguridad de las comunicaciones/OSI.pdf> <./Imagenes/Seguridad de las comunicaciones/TCP_IP-TLS.pdf>]

pdfTeX warning: pdflatex (file ./Imagenes/Seguridad de las comunicaciones/handshakeTLS.pdf): PDF inclusion: found PDF version <1.7>, but at most version <1.5> allowed
<Imagenes/Seguridad de las comunicaciones/handshakeTLS.pdf, id=583, 593.3367pt x 582.25531pt>
File: Imagenes/Seguridad de las comunicaciones/handshakeTLS.pdf Graphic file (type pdf)
<use Imagenes/Seguridad de las comunicaciones/handshakeTLS.pdf>
Package pdftex.def Info: Imagenes/Seguridad de las comunicaciones/handshakeTLS.pdf  used on input line 225.
(pdftex.def)             Requested size: 455.24411pt x 446.75653pt.
LaTeX Font Info:    Trying to load font information for T1+pcr on input line 233.
(C:\Users\manul\AppData\Local\Programs\MiKTeX\tex/latex/psnfss\t1pcr.fd
File: t1pcr.fd 2001/06/04 font definitions for T1/pcr.
)

LaTeX Info: Redefining \. on input line 238.
LaTeX Info: Redefining \% on input line 238.
[12]

LaTeX Info: Redefining \. on input line 238.
LaTeX Info: Redefining \% on input line 238.
[13 <./Imagenes/Seguridad de las comunicaciones/handshakeTLS.pdf>]) (Capitulos/marcoTeorico/Arquitectura de la aplicacion movil.tex

LaTeX Info: Redefining \. on input line 10.
LaTeX Info: Redefining \% on input line 10.
[14]

pdfTeX warning: pdflatex (file ./Imagenes/Arquitectura de la aplicacion movil/Arquitectura Limpia.pdf): PDF inclusion: found PDF version <1.7>, but at most version <1.5> allowed
<Imagenes/Arquitectura de la aplicacion movil/Arquitectura Limpia.pdf, id=638, 578.16pt x 354.36388pt>
File: Imagenes/Arquitectura de la aplicacion movil/Arquitectura Limpia.pdf Graphic file (type pdf)
<use Imagenes/Arquitectura de la aplicacion movil/Arquitectura Limpia.pdf>
Package pdftex.def Info: Imagenes/Arquitectura de la aplicacion movil/Arquitectura Limpia.pdf  used on input line 17.
(pdftex.def)             Requested size: 455.24411pt x 279.02516pt.


LaTeX Info: Redefining \. on input line 28.
LaTeX Info: Redefining \% on input line 28.
[15 <./Imagenes/Arquitectura de la aplicacion movil/Arquitectura Limpia.pdf>]) (Capitulos/marcoTeorico/Arquitectura Cloud-Fog-Edge Computing.tex

pdfTeX warning: pdflatex (file ./Imagenes/Cloud-Fog-Edge/Fog.pdf): PDF inclusion: found PDF version <1.7>, but at most version <1.5> allowed
<Imagenes/Cloud-Fog-Edge/Fog.pdf, id=679, 367.3725pt x 594.30032pt>
File: Imagenes/Cloud-Fog-Edge/Fog.pdf Graphic file (type pdf)
<use Imagenes/Cloud-Fog-Edge/Fog.pdf>
Package pdftex.def Info: Imagenes/Cloud-Fog-Edge/Fog.pdf  used on input line 13.
(pdftex.def)             Requested size: 341.43306pt x 552.3762pt.
)) (Capitulos/arquitecturaGeneral.tex

LaTeX Info: Redefining \. on input line 1.
LaTeX Info: Redefining \% on input line 1.
[16]

LaTeX Info: Redefining \. on input line 1.
LaTeX Info: Redefining \% on input line 1.
[17 <./Imagenes/Cloud-Fog-Edge/Fog.pdf>]

LaTeX Info: Redefining \. on input line 1.
LaTeX Info: Redefining \% on input line 1.
[18

]
Cap\'{\i }tulo 3.

Underfull \hbox (badness 10000) in paragraph at lines 20--21

 []



pdfTeX warning: pdflatex (file ./Imagenes/Arquitectura General/Componentes del sistema.pdf): PDF inclusion: found PDF version <1.7>, but at most version <1.5> allowed
<Imagenes/Arquitectura General/Componentes del sistema.pdf, id=736, 821.9508pt x 648.50276pt>
File: Imagenes/Arquitectura General/Componentes del sistema.pdf Graphic file (type pdf)
<use Imagenes/Arquitectura General/Componentes del sistema.pdf>
Package pdftex.def Info: Imagenes/Arquitectura General/Componentes del sistema.pdf  used on input line 24.
(pdftex.def)             Requested size: 455.24411pt x 359.18114pt.

Underfull \hbox (badness 10000) in paragraph at lines 28--29

 []



[19]

LaTeX Info: Redefining \. on input line 29.
LaTeX Info: Redefining \% on input line 29.
[20 <./Imagenes/Arquitectura General/Componentes del sistema.pdf>]
Underfull \hbox (badness 10000) in paragraph at lines 31--32

 []



LaTeX Info: Redefining \. on input line 53.
LaTeX Info: Redefining \% on input line 53.
[21]) (Capitulos/implementacion.tex

LaTeX Info: Redefining \. on input line 1.
LaTeX Info: Redefining \% on input line 1.
[22]
Cap\'{\i }tulo 4.


[23

]

LaTeX Info: Redefining \. on input line 42.
LaTeX Info: Redefining \% on input line 42.
[24]
Overfull \hbox (1.313pt too wide) in paragraph at lines 53--54
[]\T1/ptm/m/n/10.95 El dis-po-si-ti-vo de bor-de va-li-da que el cer-ti-fi-ca-do, pro-por-cio-na-do por la nu-be du-ran-te el \T1/ptm/m/it/10.95 handsha-
 []



pdfTeX warning: pdflatex (file ./Imagenes/Implementacion/distribucionClaves.pdf): PDF inclusion: found PDF version <1.7>, but at most version <1.5> allowed
<Imagenes/Implementacion/distribucionClaves.pdf, id=812, 581.2917pt x 485.89528pt>
File: Imagenes/Implementacion/distribucionClaves.pdf Graphic file (type pdf)
<use Imagenes/Implementacion/distribucionClaves.pdf>
Package pdftex.def Info: Imagenes/Implementacion/distribucionClaves.pdf  used on input line 66.
(pdftex.def)             Requested size: 455.24411pt x 380.53893pt.


LaTeX Info: Redefining \. on input line 77.
LaTeX Info: Redefining \% on input line 77.
[25]

LaTeX Info: Redefining \. on input line 77.
LaTeX Info: Redefining \% on input line 77.
[26 <./Imagenes/Implementacion/distribucionClaves.pdf>]

LaTeX Info: Redefining \. on input line 105.
LaTeX Info: Redefining \% on input line 105.
[27]

pdfTeX warning: pdflatex (file ./Imagenes/Implementacion/secuenciaProtocolo.pdf): PDF inclusion: found PDF version <1.7>, but at most version <1.5> allowed
<Imagenes/Implementacion/secuenciaProtocolo.pdf, id=864, 772.80719pt x 670.42468pt>
File: Imagenes/Implementacion/secuenciaProtocolo.pdf Graphic file (type pdf)
<use Imagenes/Implementacion/secuenciaProtocolo.pdf>
Package pdftex.def Info: Imagenes/Implementacion/secuenciaProtocolo.pdf  used on input line 115.
(pdftex.def)             Requested size: 455.24411pt x 394.94357pt.


LaTeX Info: Redefining \. on input line 123.
LaTeX Info: Redefining \% on input line 123.
[28 <./Imagenes/Implementacion/secuenciaProtocolo.pdf>]
Underfull \hbox (badness 10000) in paragraph at lines 124--125
\T1/ptm/m/n/10.95 viar-se to-dos jun-tos en un ni-co seg-men-to \T1/pcr/m/n/10.95 [Primer mensajeSegundo mensaje
 []



LaTeX Info: Redefining \. on input line 152.
LaTeX Info: Redefining \% on input line 152.
[29]

pdfTeX warning: pdflatex (file ./Imagenes/Implementacion/ProtocoloReconexion.pdf): PDF inclusion: found PDF version <1.7>, but at most version <1.5> allowed
<Imagenes/Implementacion/ProtocoloReconexion.pdf, id=898, 481.8pt x 609.23605pt>
File: Imagenes/Implementacion/ProtocoloReconexion.pdf Graphic file (type pdf)
<use Imagenes/Implementacion/ProtocoloReconexion.pdf>
Package pdftex.def Info: Imagenes/Implementacion/ProtocoloReconexion.pdf  used on input line 163.
(pdftex.def)             Requested size: 398.33858pt x 503.71361pt.


LaTeX Info: Redefining \. on input line 190.
LaTeX Info: Redefining \% on input line 190.
[30]

LaTeX Info: Redefining \. on input line 190.
LaTeX Info: Redefining \% on input line 190.
[31 <./Imagenes/Implementacion/ProtocoloReconexion.pdf>]

LaTeX Info: Redefining \. on input line 217.
LaTeX Info: Redefining \% on input line 217.
[32]

LaTeX Warning: No positions in optional float specifier.
               Default added (so using `tbp') on input line 241.

<Imagenes/Implementacion/eventLoopCodigo.pdf, id=951, 155.58125pt x 102.3825pt>
File: Imagenes/Implementacion/eventLoopCodigo.pdf Graphic file (type pdf)
<use Imagenes/Implementacion/eventLoopCodigo.pdf>
Package pdftex.def Info: Imagenes/Implementacion/eventLoopCodigo.pdf  used on input line 245.
(pdftex.def)             Requested size: 227.62206pt x 149.79121pt.


pdfTeX warning: pdflatex (file ./Imagenes/Implementacion/eventLoop.pdf): PDF inclusion: found PDF version <1.7>, but at most version <1.5> allowed
<Imagenes/Implementacion/eventLoop.pdf, id=952, 580.08719pt x 264.02641pt>
File: Imagenes/Implementacion/eventLoop.pdf Graphic file (type pdf)
<use Imagenes/Implementacion/eventLoop.pdf>
Package pdftex.def Info: Imagenes/Implementacion/eventLoop.pdf  used on input line 251.
(pdftex.def)             Requested size: 455.24411pt x 207.2088pt.


LaTeX Info: Redefining \. on input line 270.
LaTeX Info: Redefining \% on input line 270.
[33]

LaTeX Info: Redefining \. on input line 270.
LaTeX Info: Redefining \% on input line 270.
[34 <./Imagenes/Implementacion/eventLoopCodigo.pdf> <./Imagenes/Implementacion/eventLoop.pdf>]

pdfTeX warning: pdflatex (file ./Imagenes/Implementacion/CapasArquitectura.pdf): PDF inclusion: found PDF version <1.7>, but at most version <1.5> allowed
<Imagenes/Implementacion/CapasArquitectura.pdf, id=993, 363.27718pt x 536.0025pt>
File: Imagenes/Implementacion/CapasArquitectura.pdf Graphic file (type pdf)
<use Imagenes/Implementacion/CapasArquitectura.pdf>
Package pdftex.def Info: Imagenes/Implementacion/CapasArquitectura.pdf  used on input line 276.
(pdftex.def)             Requested size: 318.66948pt x 470.21149pt.


pdfTeX warning: pdflatex (file ./Imagenes/Implementacion/ComunicacionCapas.pdf): PDF inclusion: found PDF version <1.7>, but at most version <1.5> allowed
<Imagenes/Implementacion/ComunicacionCapas.pdf, id=995, 595.26389pt x 507.81718pt>
File: Imagenes/Implementacion/ComunicacionCapas.pdf Graphic file (type pdf)
<use Imagenes/Implementacion/ComunicacionCapas.pdf>
Package pdftex.def Info: Imagenes/Implementacion/ComunicacionCapas.pdf  used on input line 285.
(pdftex.def)             Requested size: 455.24411pt x 388.37039pt.


pdfTeX warning: pdflatex (file ./Imagenes/Implementacion/LiderService.pdf): PDF inclusion: found PDF version <1.7>, but at most version <1.5> allowed
<Imagenes/Implementacion/LiderService.pdf, id=998, 435.54718pt x 349.305pt>
File: Imagenes/Implementacion/LiderService.pdf Graphic file (type pdf)
<use Imagenes/Implementacion/LiderService.pdf>
Package pdftex.def Info: Imagenes/Implementacion/LiderService.pdf  used on input line 305.
(pdftex.def)             Requested size: 455.24411pt x 365.1128pt.


LaTeX Info: Redefining \. on input line 313.
LaTeX Info: Redefining \% on input line 313.
[35]

LaTeX Info: Redefining \. on input line 313.
LaTeX Info: Redefining \% on input line 313.
[36 <./Imagenes/Implementacion/CapasArquitectura.pdf>]

LaTeX Info: Redefining \. on input line 313.
LaTeX Info: Redefining \% on input line 313.
[37 <./Imagenes/Implementacion/ComunicacionCapas.pdf>]

LaTeX Info: Redefining \. on input line 313.
LaTeX Info: Redefining \% on input line 313.
[38 <./Imagenes/Implementacion/LiderService.pdf>]

pdfTeX warning: pdflatex (file ./Imagenes/Implementacion/UserService.pdf): PDF inclusion: found PDF version <1.7>, but at most version <1.5> allowed
<Imagenes/Implementacion/UserService.pdf, id=1059, 569.24669pt x 345.20969pt>
File: Imagenes/Implementacion/UserService.pdf Graphic file (type pdf)
<use Imagenes/Implementacion/UserService.pdf>
Package pdftex.def Info: Imagenes/Implementacion/UserService.pdf  used on input line 320.
(pdftex.def)             Requested size: 455.24411pt x 276.08383pt.


LaTeX Info: Redefining \. on input line 333.
LaTeX Info: Redefining \% on input line 333.
[39 <./Imagenes/Implementacion/UserService.pdf>]

pdfTeX warning: pdflatex (file ./Imagenes/Implementacion/CasosDeUso.pdf): PDF inclusion: found PDF version <1.7>, but at most version <1.5> allowed
<Imagenes/Implementacion/CasosDeUso.pdf, id=1085, 569.24669pt x 427.5975pt>
File: Imagenes/Implementacion/CasosDeUso.pdf Graphic file (type pdf)
<use Imagenes/Implementacion/CasosDeUso.pdf>
Package pdftex.def Info: Imagenes/Implementacion/CasosDeUso.pdf  used on input line 341.
(pdftex.def)             Requested size: 455.24411pt x 341.97406pt.


pdfTeX warning: pdflatex (file ./Imagenes/Implementacion/DetalladoIngresarPaciente.pdf): PDF inclusion: found PDF version <1.7>, but at most version <1.5> allowed
<Imagenes/Implementacion/DetalladoIngresarPaciente.pdf, id=1087, 768.95276pt x 1273.8792pt>
File: Imagenes/Implementacion/DetalladoIngresarPaciente.pdf Graphic file (type pdf)
<use Imagenes/Implementacion/DetalladoIngresarPaciente.pdf>
Package pdftex.def Info: Imagenes/Implementacion/DetalladoIngresarPaciente.pdf  used on input line 351.
(pdftex.def)             Requested size: 424.21599pt x 702.7739pt.

LaTeX Warning: Float too large for page by 23.5908pt on input line 354.



LaTeX Info: Redefining \. on input line 361.
LaTeX Info: Redefining \% on input line 361.
[40 <./Imagenes/Implementacion/CasosDeUso.pdf>]

LaTeX Info: Redefining \. on input line 361.
LaTeX Info: Redefining \% on input line 361.
[41 <./Imagenes/Implementacion/DetalladoIngresarPaciente.pdf>]

pdfTeX warning: pdflatex (file ./Imagenes/Implementacion/DiagramaClasesAdmPaciente.pdf): PDF inclusion: found PDF version <1.7>, but at most version <1.5> allowed
<Imagenes/Implementacion/DiagramaClasesAdmPaciente.pdf, id=1130, 853.26776pt x 1121.14856pt>
File: Imagenes/Implementacion/DiagramaClasesAdmPaciente.pdf Graphic file (type pdf)
<use Imagenes/Implementacion/DiagramaClasesAdmPaciente.pdf>
Package pdftex.def Info: Imagenes/Implementacion/DiagramaClasesAdmPaciente.pdf  used on input line 382.
(pdftex.def)             Requested size: 455.25035pt x 598.17482pt.


LaTeX Info: Redefining \. on input line 412.
LaTeX Info: Redefining \% on input line 412.
[42]

LaTeX Info: Redefining \. on input line 412.
LaTeX Info: Redefining \% on input line 412.
[43 <./Imagenes/Implementacion/DiagramaClasesAdmPaciente.pdf>]
<Imagenes/Implementacion/mainMenu.png, id=1168, 1084.05pt x 2409.0pt>
File: Imagenes/Implementacion/mainMenu.png Graphic file (type png)
<use Imagenes/Implementacion/mainMenu.png>
Package pdftex.def Info: Imagenes/Implementacion/mainMenu.png  used on input line 417.
(pdftex.def)             Requested size: 136.57462pt x 303.47679pt.
<Imagenes/Implementacion/homeMenu.png, id=1169, 1084.05pt x 2409.0pt>
File: Imagenes/Implementacion/homeMenu.png Graphic file (type png)
<use Imagenes/Implementacion/homeMenu.png>
Package pdftex.def Info: Imagenes/Implementacion/homeMenu.png  used on input line 424.
(pdftex.def)             Requested size: 136.57462pt x 303.47679pt.
<Imagenes/Implementacion/ConvertirALider.png, id=1170, 1084.05pt x 2409.0pt>
File: Imagenes/Implementacion/ConvertirALider.png Graphic file (type png)
<use Imagenes/Implementacion/ConvertirALider.png>
Package pdftex.def Info: Imagenes/Implementacion/ConvertirALider.png  used on input line 431.
(pdftex.def)             Requested size: 136.57462pt x 303.47679pt.


LaTeX Info: Redefining \. on input line 450.
LaTeX Info: Redefining \% on input line 450.
[44 <./Imagenes/Implementacion/mainMenu.png> <./Imagenes/Implementacion/homeMenu.png> <./Imagenes/Implementacion/ConvertirALider.png>]
Overfull \hbox (7.3208pt too wide) in paragraph at lines 466--480
[][] 
 []



LaTeX Info: Redefining \. on input line 485.
LaTeX Info: Redefining \% on input line 485.
[45]

pdfTeX warning: pdflatex (file ./Imagenes/Test/Conexiones.pdf): PDF inclusion: found PDF version <1.7>, but at most version <1.5> allowed
<Imagenes/Test/Conexiones.pdf, id=1183, 620.3175pt x 836.16388pt>
File: Imagenes/Test/Conexiones.pdf Graphic file (type pdf)
<use Imagenes/Test/Conexiones.pdf>
Package pdftex.def Info: Imagenes/Test/Conexiones.pdf  used on input line 488.
(pdftex.def)             Requested size: 455.24167pt x 613.64806pt.
) (Capitulos/experimentacion.tex

LaTeX Info: Redefining \. on input line 1.
LaTeX Info: Redefining \% on input line 1.
[46]

LaTeX Info: Redefining \. on input line 1.
LaTeX Info: Redefining \% on input line 1.
[47 <./Imagenes/Test/Conexiones.pdf>]

LaTeX Info: Redefining \. on input line 1.
LaTeX Info: Redefining \% on input line 1.
[48

]
Cap\'{\i }tulo 5.


[49]

LaTeX Warning: No positions in optional float specifier.
               Default added (so using `tbp') on input line 37.

<Imagenes/Experimentos/Diferencia entre datos tiles contra el espacio utilizado 2.pdf, id=1235, 558.085pt x 325.215pt>
File: Imagenes/Experimentos/Diferencia entre datos tiles contra el espacio utilizado 2.pdf Graphic file (type pdf)
<use Imagenes/Experimentos/Diferencia entre datos tiles contra el espacio utilizado 2.pdf>
Package pdftex.def Info: Imagenes/Experimentos/Diferencia entre datos tiles contra el espacio utilizado 2.pdf  used on input line 83.
(pdftex.def)             Requested size: 455.24411pt x 265.29352pt.


LaTeX Info: Redefining \. on input line 93.
LaTeX Info: Redefining \% on input line 93.
[50]

LaTeX Info: Redefining \. on input line 111.
LaTeX Info: Redefining \% on input line 111.
[51 <./Imagenes/Experimentos/Diferencia entre datos tiles contra el espacio utilizado 2.pdf>]
<Imagenes/Experimentos/experimentoBarrasOperaciones.pdf, id=1259, 729.72626pt x 506.89375pt>
File: Imagenes/Experimentos/experimentoBarrasOperaciones.pdf Graphic file (type pdf)
<use Imagenes/Experimentos/experimentoBarrasOperaciones.pdf>
Package pdftex.def Info: Imagenes/Experimentos/experimentoBarrasOperaciones.pdf  used on input line 134.
(pdftex.def)             Requested size: 455.24411pt x 316.22772pt.


LaTeX Info: Redefining \. on input line 142.
LaTeX Info: Redefining \% on input line 142.
[52]

LaTeX Info: Redefining \. on input line 153.
LaTeX Info: Redefining \% on input line 153.
[53 <./Imagenes/Experimentos/experimentoBarrasOperaciones.pdf>]
<Imagenes/Experimentos/Tiempo promedio de espera frente a tipo de prueba continua.pdf, id=1282, 602.25pt x 372.39125pt>
File: Imagenes/Experimentos/Tiempo promedio de espera frente a tipo de prueba continua.pdf Graphic file (type pdf)
<use Imagenes/Experimentos/Tiempo promedio de espera frente a tipo de prueba continua.pdf>
Package pdftex.def Info: Imagenes/Experimentos/Tiempo promedio de espera frente a tipo de prueba continua.pdf  used on input line 161.
(pdftex.def)             Requested size: 364.19667pt x 225.20364pt.
<Imagenes/Experimentos/Tiempo promedio de espera frente a tipo de prueba peridica.pdf, id=1283, 602.25pt x 372.39125pt>
File: Imagenes/Experimentos/Tiempo promedio de espera frente a tipo de prueba peridica.pdf Graphic file (type pdf)
<use Imagenes/Experimentos/Tiempo promedio de espera frente a tipo de prueba peridica.pdf>
Package pdftex.def Info: Imagenes/Experimentos/Tiempo promedio de espera frente a tipo de prueba peridica.pdf  used on input line 166.
(pdftex.def)             Requested size: 364.19667pt x 225.20364pt.
<Imagenes/Experimentos/Tiempo maximo de espera frente a tipo de prueba continua.pdf, id=1284, 602.25pt x 372.39125pt>
File: Imagenes/Experimentos/Tiempo maximo de espera frente a tipo de prueba continua.pdf Graphic file (type pdf)
<use Imagenes/Experimentos/Tiempo maximo de espera frente a tipo de prueba continua.pdf>
Package pdftex.def Info: Imagenes/Experimentos/Tiempo maximo de espera frente a tipo de prueba continua.pdf  used on input line 179.
(pdftex.def)             Requested size: 364.19667pt x 225.20364pt.
<Imagenes/Experimentos/Tiempo maximo de espera frente a tipo de prueba peridica.pdf, id=1285, 602.25pt x 372.39125pt>
File: Imagenes/Experimentos/Tiempo maximo de espera frente a tipo de prueba peridica.pdf Graphic file (type pdf)
<use Imagenes/Experimentos/Tiempo maximo de espera frente a tipo de prueba peridica.pdf>
Package pdftex.def Info: Imagenes/Experimentos/Tiempo maximo de espera frente a tipo de prueba peridica.pdf  used on input line 184.
(pdftex.def)             Requested size: 364.19667pt x 225.20364pt.
) (Capitulos/conclusiones.tex

LaTeX Info: Redefining \. on input line 1.
LaTeX Info: Redefining \% on input line 1.
[54 <./Imagenes/Experimentos/Tiempo promedio de espera frente a tipo de prueba continua.pdf> <./Imagenes/Experimentos/Tiempo promedio de espera frente a tipo de prueba peridica.pdf

pdfTeX warning: pdflatex (file ./Imagenes/Experimentos/Tiempo promedio de espera frente a tipo de prueba peridica.pdf): PDF inclusion: multiple pdfs with page group included in a single page
>]

LaTeX Info: Redefining \. on input line 1.
LaTeX Info: Redefining \% on input line 1.
[55 <./Imagenes/Experimentos/Tiempo maximo de espera frente a tipo de prueba continua.pdf> <./Imagenes/Experimentos/Tiempo maximo de espera frente a tipo de prueba peridica.pdf

pdfTeX warning: pdflatex (file ./Imagenes/Experimentos/Tiempo maximo de espera frente a tipo de prueba peridica.pdf): PDF inclusion: multiple pdfs with page group included in a single page
>]

LaTeX Info: Redefining \. on input line 1.
LaTeX Info: Redefining \% on input line 1.
[56

]
Cap\'{\i }tulo 6.


[57])

LaTeX Info: Redefining \. on input line 201.
LaTeX Info: Redefining \% on input line 201.
[58]

[59

]
Overfull \hbox (5.19016pt too wide) in paragraph at lines 207--207
\T1/ptm/m/it/10.95 tient Saf \T1/ptm/m/n/10.95 (2018). Epub ahead of print 25 April 2018. \T1/ptm/m/sc/10.95 doi\T1/ptm/m/n/10.95 : []$\T1/pcr/m/n/10.95 10 . 1097 / PTS . 0000000000000492$[]
 []


Overfull \hbox (5.17601pt too wide) in paragraph at lines 207--207
[]\T1/ptm/m/n/10.95 Rapsssito. \T1/ptm/m/it/10.95 React Na-ti-ve TCP soc-ket API for An-dro-id, iOS & ma-cOS with SS-L/TLS sup-port\T1/ptm/m/n/10.95 . []$\T1/pcr/m/n/10.95 https :
 []



LaTeX Info: Redefining \. on input line 206.
LaTeX Info: Redefining \% on input line 206.
[60] (Capitulos/apendice.tex

LaTeX Info: Redefining \. on input line 1.
LaTeX Info: Redefining \% on input line 1.
[61]

LaTeX Info: Redefining \. on input line 1.
LaTeX Info: Redefining \% on input line 1.
[62

]
Ap\'{e}ndice A.


pdfTeX warning: pdflatex (file ./Imagenes/Implementacion/IniciarSesionDA.pdf): PDF inclusion: found PDF version <1.7>, but at most version <1.5> allowed
<Imagenes/Implementacion/IniciarSesionDA.pdf, id=1427, 720.77275pt x 1146.20212pt>
File: Imagenes/Implementacion/IniciarSesionDA.pdf Graphic file (type pdf)
<use Imagenes/Implementacion/IniciarSesionDA.pdf>
Package pdftex.def Info: Imagenes/Implementacion/IniciarSesionDA.pdf  used on input line 5.
(pdftex.def)             Requested size: 441.93634pt x 702.78308pt.

LaTeX Warning: Float too large for page by 23.59999pt on input line 8.

<Imagenes/Implementacion/ConectarseDominioDA1.pdf, id=1428, 752.8125pt x 1033.46097pt>
File: Imagenes/Implementacion/ConectarseDominioDA1.pdf Graphic file (type pdf)
<use Imagenes/Implementacion/ConectarseDominioDA1.pdf>
Package pdftex.def Info: Imagenes/Implementacion/ConectarseDominioDA1.pdf  used on input line 15.
(pdftex.def)             Requested size: 455.25194pt x 624.96986pt.
<Imagenes/Implementacion/ConectarseDominioDA2.pdf, id=1429, 752.8125pt x 914.93822pt>
File: Imagenes/Implementacion/ConectarseDominioDA2.pdf Graphic file (type pdf)
<use Imagenes/Implementacion/ConectarseDominioDA2.pdf>
Package pdftex.def Info: Imagenes/Implementacion/ConectarseDominioDA2.pdf  used on input line 22.
(pdftex.def)             Requested size: 455.25194pt x 553.29503pt.


pdfTeX warning: pdflatex (file ./Imagenes/Implementacion/ConvertirALiderDA.pdf): PDF inclusion: found PDF version <1.7>, but at most version <1.5> allowed
<Imagenes/Implementacion/ConvertirALiderDA.pdf, id=1430, 667.53387pt x 974.68138pt>
File: Imagenes/Implementacion/ConvertirALiderDA.pdf Graphic file (type pdf)
<use Imagenes/Implementacion/ConvertirALiderDA.pdf>
Package pdftex.def Info: Imagenes/Implementacion/ConvertirALiderDA.pdf  used on input line 36.
(pdftex.def)             Requested size: 455.24118pt x 664.708pt.


[63]

LaTeX Info: Redefining \. on input line 42.
LaTeX Info: Redefining \% on input line 42.
[64 <./Imagenes/Implementacion/IniciarSesionDA.pdf>]

[65 <./Imagenes/Implementacion/ConectarseDominioDA1.pdf>]

LaTeX Info: Redefining \. on input line 42.
LaTeX Info: Redefining \% on input line 42.
[66 <./Imagenes/Implementacion/ConectarseDominioDA2.pdf>]

[67 <./Imagenes/Implementacion/ConvertirALiderDA.pdf>]

LaTeX Info: Redefining \. on input line 42.
LaTeX Info: Redefining \% on input line 42.
[68

]
Ap\'{e}ndice B.

Underfull \hbox (badness 10000) in paragraph at lines 47--47
[]|\T1/ptm/b/n/10.95 Tamao real me-di-do
 []


Underfull \hbox (badness 10000) in paragraph at lines 87--87
[]|\T1/ptm/b/n/10.95 Tamao real me-di-do
 []


LaTeX Warning: `h' float specifier changed to `ht'.

)

[69]

LaTeX Info: Redefining \. on input line 214.
LaTeX Info: Redefining \% on input line 214.
[70]
runsystem(latexminted cleantemp  --timestamp 20250910223104 04A3511FB91E3313EE47AAE4731CFC7A)...disabled (restricted).

 (c:\Users\manul\OneDrive\Escritorio\Tesis_LCC___Manuel_Latorre_C2\build\tesis.aux
LaTeX Info: Redefining \sptext on input line 13.
LaTeX Info: Redefining \. on input line 13.
LaTeX Info: Redefining \% on input line 13.
)
 ***********
LaTeX2e <2025-06-01> patch level 1
L3 programming layer <2025-08-13>
 ***********
Package rerunfilecheck Info: File `tesis.out' has not changed.
(rerunfilecheck)             Checksum: 47A26856B324BB8335B1703954C162E3;9738.
Package logreq Info: Writing requests to 'tesis.run.xml'.
\openout1 = `tesis.run.xml'.

 )
(\end occurred inside a group at level 1)

### simple group (level 1) entered at line 9 ({)
### bottom level 
Here is how much of TeX's memory you used:
 46831 strings out of 468132
 940846 string characters out of 5430692
 1910946 words of memory out of 5000000
 74373 multiletter control sequences out of 15000+600000
 712237 words of font info for 120 fonts, out of 8000000 for 9000
 1141 hyphenation exceptions out of 8191
 99i,12n,118p,1270b,2346s stack positions out of 10000i,1000n,20000p,200000b,200000s
<C:/Users/manul/AppData/Local/Programs/MiKTeX/fonts/type1/public/amsfonts/cm/cmmi10.pfb><C:/Users/manul/AppData/Local/Programs/MiKTeX/fonts/type1/public/amsfonts/cm/cmmi8.pfb><C:/Users/manul/AppData/Local/Programs/MiKTeX/fonts/type1/public/amsfonts/cm/cmr10.pfb><C:/Users/manul/AppData/Local/Programs/MiKTeX/fonts/type1/public/amsfonts/cm/cmr8.pfb><C:/Users/manul/AppData/Local/Programs/MiKTeX/fonts/type1/public/amsfonts/cm/cmsy10.pfb><C:/Users/manul/AppData/Local/Programs/MiKTeX/fonts/type1/urw/courier/ucrr8a.pfb><C:/Users/manul/AppData/Local/Programs/MiKTeX/fonts/type1/urw/times/utmb8a.pfb><C:/Users/manul/AppData/Local/Programs/MiKTeX/fonts/type1/urw/times/utmbi8a.pfb><C:/Users/manul/AppData/Local/Programs/MiKTeX/fonts/type1/urw/times/utmr8a.pfb><C:/Users/manul/AppData/Local/Programs/MiKTeX/fonts/type1/urw/times/utmr8a.pfb><C:/Users/manul/AppData/Local/Programs/MiKTeX/fonts/type1/urw/times/utmri8a.pfb>
Output written on c:\Users\manul\OneDrive\Escritorio\Tesis_LCC___Manuel_Latorre_C2\build\tesis.pdf (80 pages, 18980980 bytes).
PDF statistics:
 1630 PDF objects out of 1728 (max. 8388607)
 293 named destinations out of 1000 (max. 500000)
 622 words of extra memory for PDF output out of 10000 (max. 10000000)

